<?xml version="1.0" encoding="UTF-8"?>
<testsuite xmlns:xsi="http://www.w3.org/2001/XMLSchema-instance" xsi:noNamespaceSchemaLocation="https://maven.apache.org/surefire/maven-failsafe-plugin/xsd/failsafe-test-report-3.0.xsd" version="3.0" name="com.example.acceptancetests.AcceptanceTestSuite" time="2,146.671" tests="45" errors="4" skipped="0" failures="0">
  <properties>
[...]
</properties>
  <testcase name="Regist with username, email, and password #1" classname="Register Account" time="44.42">
    <system-out><![CDATA[
Scenario Outline: Regist with username, email, and password         &amp#27;[90m# src/test/resources/features/DiscussIn/a_Regist.feature:13&amp#27;[0m
  &amp#27;[32mGiven &amp#27;[0m&amp#27;[32mI am on the register page&amp#27;[0m                                   &amp#27;[90m# com.example.steps.RegistStep.iAmOnTheRegisterPage()&amp#27;[0m
  &amp#27;[32mWhen &amp#27;[0m&amp#27;[32mI input &amp#27;[0m&amp#27;[32m&amp#27;[1m"null"&amp#27;[0m&amp#27;[32m nama lengkap &amp#27;[0m&amp#27;[32m&amp#27;[1m"null"&amp#27;[0m&amp#27;[32m email and &amp#27;[0m&amp#27;[32m&amp#27;[1m"null"&amp#27;[0m&amp#27;[32m password&amp#27;[0m &amp#27;[90m# com.example.steps.RegistStep.iInputNamaLengkapAndPassword(java.lang.String,java.lang.String,java.lang.String)&amp#27;[0m
  &amp#27;[32mAnd &amp#27;[0m&amp#27;[32mI click register button&amp#27;[0m                                       &amp#27;[90m# com.example.steps.RegistStep.iClickRegisterButton()&amp#27;[0m
  &amp#27;[32mThen &amp#27;[0m&amp#27;[32mI will get the &amp#27;[0m&amp#27;[32m&amp#27;[1m"Must Fill All"&amp#27;[0m                               &amp#27;[90m# com.example.steps.RegistStep.iWillGetThe(java.lang.String)&amp#27;[0m
]]></system-out>
    <system-err><![CDATA[[main] INFO io.cucumber.core.plugin.SerenityReporter - Running feature from file:///D:/File%20Baru/Kuliah/Quality%20Engineer/Capstone_DIskusiin/Diskusi.in-QA/sample-mobile-automation/src/test/resources/features/DiscussIn/a_Regist.feature
[main] WARN io.cucumber.core.plugin.SerenityReporter - Feature from file:///D:/File%20Baru/Kuliah/Quality%20Engineer/Capstone_DIskusiin/Diskusi.in-QA/sample-mobile-automation/src/test/resources/features/DiscussIn/a_Regist.feature is not under the 'features' directory. Requirements report will not be correctly generated!
[main] INFO  - 

-------------------------------------------------------------------------------------
     _______. _______ .______       _______ .__   __.  __  .___________.____    ____ 
    /       ||   ____||   _  \     |   ____||  \ |  | |  | |           |\   \  /   / 
   |   (----`|  |__   |  |_)  |    |  |__   |   \|  | |  | `---|  |----` \   \/   /  
    \   \    |   __|  |      /     |   __|  |  . `  | |  |     |  |       \_    _/   
.----)   |   |  |____ |  |\  \----.|  |____ |  |\   | |  |     |  |         |  |     
|_______/    |_______|| _| `._____||_______||__| \__| |__|     |__|         |__|    
                                                                                     
 News and tutorials at http://www.serenity-bdd.info                                  
 Documentation at https://wakaleo.gitbooks.io/the-serenity-book/content/             
 Join the Serenity Community on Gitter: https://gitter.im/serenity-bdd/serenity-core 
 Serenity BDD Support and Training at http://serenity-bdd.info/#/trainingandsupport  
-------------------------------------------------------------------------------------

[main] INFO  - Test Suite Started: Register Account
[main] INFO io.cucumber.core.plugin.SerenityReporter - Running feature from file:///D:/File%20Baru/Kuliah/Quality%20Engineer/Capstone_DIskusiin/Diskusi.in-QA/sample-mobile-automation/src/test/resources/features/DiscussIn/b_Login.feature
[main] WARN io.cucumber.core.plugin.SerenityReporter - Feature from file:///D:/File%20Baru/Kuliah/Quality%20Engineer/Capstone_DIskusiin/Diskusi.in-QA/sample-mobile-automation/src/test/resources/features/DiscussIn/b_Login.feature is not under the 'features' directory. Requirements report will not be correctly generated!
[main] INFO  - Test Suite Started: Login Account
[main] INFO io.cucumber.core.plugin.SerenityReporter - Running feature from file:///D:/File%20Baru/Kuliah/Quality%20Engineer/Capstone_DIskusiin/Diskusi.in-QA/sample-mobile-automation/src/test/resources/features/DiscussIn/c_CreateThread.feature
[main] WARN io.cucumber.core.plugin.SerenityReporter - Feature from file:///D:/File%20Baru/Kuliah/Quality%20Engineer/Capstone_DIskusiin/Diskusi.in-QA/sample-mobile-automation/src/test/resources/features/DiscussIn/c_CreateThread.feature is not under the 'features' directory. Requirements report will not be correctly generated!
[main] INFO  - Test Suite Started: Create Thread
[main] INFO io.cucumber.core.plugin.SerenityReporter - Running feature from file:///D:/File%20Baru/Kuliah/Quality%20Engineer/Capstone_DIskusiin/Diskusi.in-QA/sample-mobile-automation/src/test/resources/features/DiscussIn/d_Logout.feature
[main] WARN io.cucumber.core.plugin.SerenityReporter - Feature from file:///D:/File%20Baru/Kuliah/Quality%20Engineer/Capstone_DIskusiin/Diskusi.in-QA/sample-mobile-automation/src/test/resources/features/DiscussIn/d_Logout.feature is not under the 'features' directory. Requirements report will not be correctly generated!
[main] INFO  - Test Suite Started: Logout Account
[main] INFO io.cucumber.core.plugin.SerenityReporter - Running feature from file:///D:/File%20Baru/Kuliah/Quality%20Engineer/Capstone_DIskusiin/Diskusi.in-QA/sample-mobile-automation/src/test/resources/features/DiscussIn/a_Regist.feature
[main] WARN io.cucumber.core.plugin.SerenityReporter - Feature from file:///D:/File%20Baru/Kuliah/Quality%20Engineer/Capstone_DIskusiin/Diskusi.in-QA/sample-mobile-automation/src/test/resources/features/DiscussIn/a_Regist.feature is not under the 'features' directory. Requirements report will not be correctly generated!
[main] INFO  - 
 _____ _____ ____ _____   ____ _____  _    ____ _____ _____ ____  
|_   _| ____/ ___|_   _| / ___|_   _|/ \  |  _ \_   _| ____|  _ \ 
  | | |  _| \___ \ | |   \___ \ | | / _ \ | |_) || | |  _| | | | |
  | | | |___ ___) || |    ___) || |/ ___ \|  _ < | | | |___| |_| |
  |_| |_____|____/ |_|   |____/ |_/_/   \_\_| \_\|_| |_____|____/ 

Regist with username, email, and password(register-account;regist-with-username--email--and-password)
-------------------------------------------------------------------
Dec 17, 2022 8:35:07 PM io.appium.java_client.remote.AppiumCommandExecutor$1 lambda$0
INFO: Detected dialect: W3C
[main] INFO  - 
        __    _____ _____ ____ _____   ____   _    ____  ____  _____ ____  
  _     \ \  |_   _| ____/ ___|_   _| |  _ \ / \  / ___|/ ___|| ____|  _ \ 
 (_)_____| |   | | |  _| \___ \ | |   | |_) / _ \ \___ \\___ \|  _| | | | |
  _|_____| |   | | | |___ ___) || |   |  __/ ___ \ ___) |___) | |___| |_| |
 (_)     | |   |_| |_____|____/ |_|   |_| /_/   \_\____/|____/|_____|____/ 
        /_/                                                                

Regist with username, email, and password
----------------------------------------------------------------------------
]]></system-err>
  </testcase>
  <testcase name="Regist with username, email, and password #2" classname="Register Account" time="33.828">
    <system-out><![CDATA[
Scenario Outline: Regist with username, email, and password           &amp#27;[90m# src/test/resources/features/DiscussIn/a_Regist.feature:14&amp#27;[0m
  &amp#27;[32mGiven &amp#27;[0m&amp#27;[32mI am on the register page&amp#27;[0m                                     &amp#27;[90m# com.example.steps.RegistStep.iAmOnTheRegisterPage()&amp#27;[0m
  &amp#27;[32mWhen &amp#27;[0m&amp#27;[32mI input &amp#27;[0m&amp#27;[32m&amp#27;[1m"null"&amp#27;[0m&amp#27;[32m nama lengkap &amp#27;[0m&amp#27;[32m&amp#27;[1m"null"&amp#27;[0m&amp#27;[32m email and &amp#27;[0m&amp#27;[32m&amp#27;[1m"random"&amp#27;[0m&amp#27;[32m password&amp#27;[0m &amp#27;[90m# com.example.steps.RegistStep.iInputNamaLengkapAndPassword(java.lang.String,java.lang.String,java.lang.String)&amp#27;[0m
  &amp#27;[32mAnd &amp#27;[0m&amp#27;[32mI click register button&amp#27;[0m                                         &amp#27;[90m# com.example.steps.RegistStep.iClickRegisterButton()&amp#27;[0m
  &amp#27;[32mThen &amp#27;[0m&amp#27;[32mI will get the &amp#27;[0m&amp#27;[32m&amp#27;[1m"Must Fill 12"&amp#27;[0m                                  &amp#27;[90m# com.example.steps.RegistStep.iWillGetThe(java.lang.String)&amp#27;[0m
]]></system-out>
    <system-err><![CDATA[[main] INFO io.cucumber.core.plugin.SerenityReporter - Running feature from file:///D:/File%20Baru/Kuliah/Quality%20Engineer/Capstone_DIskusiin/Diskusi.in-QA/sample-mobile-automation/src/test/resources/features/DiscussIn/a_Regist.feature
[main] WARN io.cucumber.core.plugin.SerenityReporter - Feature from file:///D:/File%20Baru/Kuliah/Quality%20Engineer/Capstone_DIskusiin/Diskusi.in-QA/sample-mobile-automation/src/test/resources/features/DiscussIn/a_Regist.feature is not under the 'features' directory. Requirements report will not be correctly generated!
Dec 17, 2022 8:35:50 PM io.appium.java_client.remote.AppiumCommandExecutor$1 lambda$0
INFO: Detected dialect: W3C
[main] INFO  - 
        __    _____ _____ ____ _____   ____   _    ____  ____  _____ ____  
  _     \ \  |_   _| ____/ ___|_   _| |  _ \ / \  / ___|/ ___|| ____|  _ \ 
 (_)_____| |   | | |  _| \___ \ | |   | |_) / _ \ \___ \\___ \|  _| | | | |
  _|_____| |   | | | |___ ___) || |   |  __/ ___ \ ___) |___) | |___| |_| |
 (_)     | |   |_| |_____|____/ |_|   |_| /_/   \_\____/|____/|_____|____/ 
        /_/                                                                

Regist with username, email, and password
----------------------------------------------------------------------------
]]></system-err>
  </testcase>
  <testcase name="Regist with username, email, and password #3" classname="Register Account" time="33.331">
    <system-out><![CDATA[
Scenario Outline: Regist with username, email, and password           &amp#27;[90m# src/test/resources/features/DiscussIn/a_Regist.feature:15&amp#27;[0m
  &amp#27;[32mGiven &amp#27;[0m&amp#27;[32mI am on the register page&amp#27;[0m                                     &amp#27;[90m# com.example.steps.RegistStep.iAmOnTheRegisterPage()&amp#27;[0m
  &amp#27;[32mWhen &amp#27;[0m&amp#27;[32mI input &amp#27;[0m&amp#27;[32m&amp#27;[1m"null"&amp#27;[0m&amp#27;[32m nama lengkap &amp#27;[0m&amp#27;[32m&amp#27;[1m"random"&amp#27;[0m&amp#27;[32m email and &amp#27;[0m&amp#27;[32m&amp#27;[1m"null"&amp#27;[0m&amp#27;[32m password&amp#27;[0m &amp#27;[90m# com.example.steps.RegistStep.iInputNamaLengkapAndPassword(java.lang.String,java.lang.String,java.lang.String)&amp#27;[0m
  &amp#27;[32mAnd &amp#27;[0m&amp#27;[32mI click register button&amp#27;[0m                                         &amp#27;[90m# com.example.steps.RegistStep.iClickRegisterButton()&amp#27;[0m
  &amp#27;[32mThen &amp#27;[0m&amp#27;[32mI will get the &amp#27;[0m&amp#27;[32m&amp#27;[1m"Must Fill 13"&amp#27;[0m                                  &amp#27;[90m# com.example.steps.RegistStep.iWillGetThe(java.lang.String)&amp#27;[0m
]]></system-out>
    <system-err><![CDATA[[main] INFO io.cucumber.core.plugin.SerenityReporter - Running feature from file:///D:/File%20Baru/Kuliah/Quality%20Engineer/Capstone_DIskusiin/Diskusi.in-QA/sample-mobile-automation/src/test/resources/features/DiscussIn/a_Regist.feature
[main] WARN io.cucumber.core.plugin.SerenityReporter - Feature from file:///D:/File%20Baru/Kuliah/Quality%20Engineer/Capstone_DIskusiin/Diskusi.in-QA/sample-mobile-automation/src/test/resources/features/DiscussIn/a_Regist.feature is not under the 'features' directory. Requirements report will not be correctly generated!
Dec 17, 2022 8:36:24 PM io.appium.java_client.remote.AppiumCommandExecutor$1 lambda$0
INFO: Detected dialect: W3C
]]></system-err>
  </testcase>
  <testcase name="Regist with username, email, and password #4" classname="Register Account" time="32.713">
    <system-out><![CDATA[
Scenario Outline: Regist with username, email, and password           &amp#27;[90m# src/test/resources/features/DiscussIn/a_Regist.feature:16&amp#27;[0m
  &amp#27;[32mGiven &amp#27;[0m&amp#27;[32mI am on the register page&amp#27;[0m                                     &amp#27;[90m# com.example.steps.RegistStep.iAmOnTheRegisterPage()&amp#27;[0m
  &amp#27;[32mWhen &amp#27;[0m&amp#27;[32mI input &amp#27;[0m&amp#27;[32m&amp#27;[1m"random"&amp#27;[0m&amp#27;[32m nama lengkap &amp#27;[0m&amp#27;[32m&amp#27;[1m"null"&amp#27;[0m&amp#27;[32m email and &amp#27;[0m&amp#27;[32m&amp#27;[1m"null"&amp#27;[0m&amp#27;[32m password&amp#27;[0m &amp#27;[90m# com.example.steps.RegistStep.iInputNamaLengkapAndPassword(java.lang.String,java.lang.String,java.lang.String)&amp#27;[0m
  &amp#27;[32mAnd &amp#27;[0m&amp#27;[32mI click register button&amp#27;[0m                                         &amp#27;[90m# com.example.steps.RegistStep.iClickRegisterButton()&amp#27;[0m
  &amp#27;[32mThen &amp#27;[0m&amp#27;[32mI will get the &amp#27;[0m&amp#27;[32m&amp#27;[1m"Must Fill 23"&amp#27;[0m                                  &amp#27;[90m# com.example.steps.RegistStep.iWillGetThe(java.lang.String)&amp#27;[0m
]]></system-out>
    <system-err><![CDATA[[main] INFO io.cucumber.core.plugin.SerenityReporter - Running feature from file:///D:/File%20Baru/Kuliah/Quality%20Engineer/Capstone_DIskusiin/Diskusi.in-QA/sample-mobile-automation/src/test/resources/features/DiscussIn/a_Regist.feature
[main] WARN io.cucumber.core.plugin.SerenityReporter - Feature from file:///D:/File%20Baru/Kuliah/Quality%20Engineer/Capstone_DIskusiin/Diskusi.in-QA/sample-mobile-automation/src/test/resources/features/DiscussIn/a_Regist.feature is not under the 'features' directory. Requirements report will not be correctly generated!
Dec 17, 2022 8:36:56 PM io.appium.java_client.remote.AppiumCommandExecutor$1 lambda$0
INFO: Detected dialect: W3C
]]></system-err>
  </testcase>
  <testcase name="Regist with username, email, and password #5" classname="Register Account" time="33.249">
    <system-out><![CDATA[
Scenario Outline: Regist with username, email, and password          &amp#27;[90m# src/test/resources/features/DiscussIn/a_Regist.feature:17&amp#27;[0m
  &amp#27;[32mGiven &amp#27;[0m&amp#27;[32mI am on the register page&amp#27;[0m                                    &amp#27;[90m# com.example.steps.RegistStep.iAmOnTheRegisterPage()&amp#27;[0m
  &amp#27;[32mWhen &amp#27;[0m&amp#27;[32mI input &amp#27;[0m&amp#27;[32m&amp#27;[1m"null"&amp#27;[0m&amp#27;[32m nama lengkap &amp#27;[0m&amp#27;[32m&amp#27;[1m"null"&amp#27;[0m&amp#27;[32m email and &amp#27;[0m&amp#27;[32m&amp#27;[1m"valid"&amp#27;[0m&amp#27;[32m password&amp#27;[0m &amp#27;[90m# com.example.steps.RegistStep.iInputNamaLengkapAndPassword(java.lang.String,java.lang.String,java.lang.String)&amp#27;[0m
  &amp#27;[32mAnd &amp#27;[0m&amp#27;[32mI click register button&amp#27;[0m                                        &amp#27;[90m# com.example.steps.RegistStep.iClickRegisterButton()&amp#27;[0m
  &amp#27;[32mThen &amp#27;[0m&amp#27;[32mI will get the &amp#27;[0m&amp#27;[32m&amp#27;[1m"Must Fill 12"&amp#27;[0m                                 &amp#27;[90m# com.example.steps.RegistStep.iWillGetThe(java.lang.String)&amp#27;[0m
]]></system-out>
    <system-err><![CDATA[[main] INFO io.cucumber.core.plugin.SerenityReporter - Running feature from file:///D:/File%20Baru/Kuliah/Quality%20Engineer/Capstone_DIskusiin/Diskusi.in-QA/sample-mobile-automation/src/test/resources/features/DiscussIn/a_Regist.feature
[main] WARN io.cucumber.core.plugin.SerenityReporter - Feature from file:///D:/File%20Baru/Kuliah/Quality%20Engineer/Capstone_DIskusiin/Diskusi.in-QA/sample-mobile-automation/src/test/resources/features/DiscussIn/a_Regist.feature is not under the 'features' directory. Requirements report will not be correctly generated!
Dec 17, 2022 8:37:30 PM io.appium.java_client.remote.AppiumCommandExecutor$1 lambda$0
INFO: Detected dialect: W3C
]]></system-err>
  </testcase>
  <testcase name="Regist with username, email, and password #6" classname="Register Account" time="33.559">
    <system-out><![CDATA[
Scenario Outline: Regist with username, email, and password          &amp#27;[90m# src/test/resources/features/DiscussIn/a_Regist.feature:18&amp#27;[0m
  &amp#27;[32mGiven &amp#27;[0m&amp#27;[32mI am on the register page&amp#27;[0m                                    &amp#27;[90m# com.example.steps.RegistStep.iAmOnTheRegisterPage()&amp#27;[0m
  &amp#27;[32mWhen &amp#27;[0m&amp#27;[32mI input &amp#27;[0m&amp#27;[32m&amp#27;[1m"null"&amp#27;[0m&amp#27;[32m nama lengkap &amp#27;[0m&amp#27;[32m&amp#27;[1m"valid"&amp#27;[0m&amp#27;[32m email and &amp#27;[0m&amp#27;[32m&amp#27;[1m"null"&amp#27;[0m&amp#27;[32m password&amp#27;[0m &amp#27;[90m# com.example.steps.RegistStep.iInputNamaLengkapAndPassword(java.lang.String,java.lang.String,java.lang.String)&amp#27;[0m
  &amp#27;[32mAnd &amp#27;[0m&amp#27;[32mI click register button&amp#27;[0m                                        &amp#27;[90m# com.example.steps.RegistStep.iClickRegisterButton()&amp#27;[0m
  &amp#27;[32mThen &amp#27;[0m&amp#27;[32mI will get the &amp#27;[0m&amp#27;[32m&amp#27;[1m"Must Fill 13"&amp#27;[0m                                 &amp#27;[90m# com.example.steps.RegistStep.iWillGetThe(java.lang.String)&amp#27;[0m
]]></system-out>
    <system-err><![CDATA[[main] INFO io.cucumber.core.plugin.SerenityReporter - Running feature from file:///D:/File%20Baru/Kuliah/Quality%20Engineer/Capstone_DIskusiin/Diskusi.in-QA/sample-mobile-automation/src/test/resources/features/DiscussIn/a_Regist.feature
[main] WARN io.cucumber.core.plugin.SerenityReporter - Feature from file:///D:/File%20Baru/Kuliah/Quality%20Engineer/Capstone_DIskusiin/Diskusi.in-QA/sample-mobile-automation/src/test/resources/features/DiscussIn/a_Regist.feature is not under the 'features' directory. Requirements report will not be correctly generated!
Dec 17, 2022 8:38:03 PM io.appium.java_client.remote.AppiumCommandExecutor$1 lambda$0
INFO: Detected dialect: W3C
]]></system-err>
  </testcase>
  <testcase name="Regist with username, email, and password #7" classname="Register Account" time="32.348">
    <system-out><![CDATA[
Scenario Outline: Regist with username, email, and password          &amp#27;[90m# src/test/resources/features/DiscussIn/a_Regist.feature:19&amp#27;[0m
  &amp#27;[32mGiven &amp#27;[0m&amp#27;[32mI am on the register page&amp#27;[0m                                    &amp#27;[90m# com.example.steps.RegistStep.iAmOnTheRegisterPage()&amp#27;[0m
  &amp#27;[32mWhen &amp#27;[0m&amp#27;[32mI input &amp#27;[0m&amp#27;[32m&amp#27;[1m"valid"&amp#27;[0m&amp#27;[32m nama lengkap &amp#27;[0m&amp#27;[32m&amp#27;[1m"null"&amp#27;[0m&amp#27;[32m email and &amp#27;[0m&amp#27;[32m&amp#27;[1m"null"&amp#27;[0m&amp#27;[32m password&amp#27;[0m &amp#27;[90m# com.example.steps.RegistStep.iInputNamaLengkapAndPassword(java.lang.String,java.lang.String,java.lang.String)&amp#27;[0m
  &amp#27;[32mAnd &amp#27;[0m&amp#27;[32mI click register button&amp#27;[0m                                        &amp#27;[90m# com.example.steps.RegistStep.iClickRegisterButton()&amp#27;[0m
  &amp#27;[32mThen &amp#27;[0m&amp#27;[32mI will get the &amp#27;[0m&amp#27;[32m&amp#27;[1m"Must Fill 23"&amp#27;[0m                                 &amp#27;[90m# com.example.steps.RegistStep.iWillGetThe(java.lang.String)&amp#27;[0m
]]></system-out>
    <system-err><![CDATA[[main] INFO io.cucumber.core.plugin.SerenityReporter - Running feature from file:///D:/File%20Baru/Kuliah/Quality%20Engineer/Capstone_DIskusiin/Diskusi.in-QA/sample-mobile-automation/src/test/resources/features/DiscussIn/a_Regist.feature
[main] WARN io.cucumber.core.plugin.SerenityReporter - Feature from file:///D:/File%20Baru/Kuliah/Quality%20Engineer/Capstone_DIskusiin/Diskusi.in-QA/sample-mobile-automation/src/test/resources/features/DiscussIn/a_Regist.feature is not under the 'features' directory. Requirements report will not be correctly generated!
Dec 17, 2022 8:38:36 PM io.appium.java_client.remote.AppiumCommandExecutor$1 lambda$0
INFO: Detected dialect: W3C
]]></system-err>
  </testcase>
  <testcase name="Regist with username, email, and password #8" classname="Register Account" time="32.725">
    <system-out><![CDATA[
Scenario Outline: Regist with username, email, and password           &amp#27;[90m# src/test/resources/features/DiscussIn/a_Regist.feature:20&amp#27;[0m
  &amp#27;[32mGiven &amp#27;[0m&amp#27;[32mI am on the register page&amp#27;[0m                                     &amp#27;[90m# com.example.steps.RegistStep.iAmOnTheRegisterPage()&amp#27;[0m
  &amp#27;[32mWhen &amp#27;[0m&amp#27;[32mI input &amp#27;[0m&amp#27;[32m&amp#27;[1m"null"&amp#27;[0m&amp#27;[32m nama lengkap &amp#27;[0m&amp#27;[32m&amp#27;[1m"valid"&amp#27;[0m&amp#27;[32m email and &amp#27;[0m&amp#27;[32m&amp#27;[1m"valid"&amp#27;[0m&amp#27;[32m password&amp#27;[0m &amp#27;[90m# com.example.steps.RegistStep.iInputNamaLengkapAndPassword(java.lang.String,java.lang.String,java.lang.String)&amp#27;[0m
  &amp#27;[32mAnd &amp#27;[0m&amp#27;[32mI click register button&amp#27;[0m                                         &amp#27;[90m# com.example.steps.RegistStep.iClickRegisterButton()&amp#27;[0m
  &amp#27;[32mThen &amp#27;[0m&amp#27;[32mI will get the &amp#27;[0m&amp#27;[32m&amp#27;[1m"Must Fill 1"&amp#27;[0m                                   &amp#27;[90m# com.example.steps.RegistStep.iWillGetThe(java.lang.String)&amp#27;[0m
]]></system-out>
    <system-err><![CDATA[[main] INFO io.cucumber.core.plugin.SerenityReporter - Running feature from file:///D:/File%20Baru/Kuliah/Quality%20Engineer/Capstone_DIskusiin/Diskusi.in-QA/sample-mobile-automation/src/test/resources/features/DiscussIn/a_Regist.feature
[main] WARN io.cucumber.core.plugin.SerenityReporter - Feature from file:///D:/File%20Baru/Kuliah/Quality%20Engineer/Capstone_DIskusiin/Diskusi.in-QA/sample-mobile-automation/src/test/resources/features/DiscussIn/a_Regist.feature is not under the 'features' directory. Requirements report will not be correctly generated!
Dec 17, 2022 8:39:08 PM io.appium.java_client.remote.AppiumCommandExecutor$1 lambda$0
INFO: Detected dialect: W3C
]]></system-err>
  </testcase>
  <testcase name="Regist with username, email, and password #9" classname="Register Account" time="32.403">
    <system-out><![CDATA[
Scenario Outline: Regist with username, email, and password             &amp#27;[90m# src/test/resources/features/DiscussIn/a_Regist.feature:21&amp#27;[0m
  &amp#27;[32mGiven &amp#27;[0m&amp#27;[32mI am on the register page&amp#27;[0m                                       &amp#27;[90m# com.example.steps.RegistStep.iAmOnTheRegisterPage()&amp#27;[0m
  &amp#27;[32mWhen &amp#27;[0m&amp#27;[32mI input &amp#27;[0m&amp#27;[32m&amp#27;[1m"random"&amp#27;[0m&amp#27;[32m nama lengkap &amp#27;[0m&amp#27;[32m&amp#27;[1m"random"&amp#27;[0m&amp#27;[32m email and &amp#27;[0m&amp#27;[32m&amp#27;[1m"null"&amp#27;[0m&amp#27;[32m password&amp#27;[0m &amp#27;[90m# com.example.steps.RegistStep.iInputNamaLengkapAndPassword(java.lang.String,java.lang.String,java.lang.String)&amp#27;[0m
  &amp#27;[32mAnd &amp#27;[0m&amp#27;[32mI click register button&amp#27;[0m                                           &amp#27;[90m# com.example.steps.RegistStep.iClickRegisterButton()&amp#27;[0m
  &amp#27;[32mThen &amp#27;[0m&amp#27;[32mI will get the &amp#27;[0m&amp#27;[32m&amp#27;[1m"Must Fill 3"&amp#27;[0m                                     &amp#27;[90m# com.example.steps.RegistStep.iWillGetThe(java.lang.String)&amp#27;[0m
]]></system-out>
    <system-err><![CDATA[[main] INFO io.cucumber.core.plugin.SerenityReporter - Running feature from file:///D:/File%20Baru/Kuliah/Quality%20Engineer/Capstone_DIskusiin/Diskusi.in-QA/sample-mobile-automation/src/test/resources/features/DiscussIn/a_Regist.feature
[main] WARN io.cucumber.core.plugin.SerenityReporter - Feature from file:///D:/File%20Baru/Kuliah/Quality%20Engineer/Capstone_DIskusiin/Diskusi.in-QA/sample-mobile-automation/src/test/resources/features/DiscussIn/a_Regist.feature is not under the 'features' directory. Requirements report will not be correctly generated!
Dec 17, 2022 8:39:40 PM io.appium.java_client.remote.AppiumCommandExecutor$1 lambda$0
INFO: Detected dialect: W3C
]]></system-err>
  </testcase>
  <testcase name="Regist with username, email, and password #10" classname="Register Account" time="32.276">
    <system-out><![CDATA[
Scenario Outline: Regist with username, email, and password           &amp#27;[90m# src/test/resources/features/DiscussIn/a_Regist.feature:22&amp#27;[0m
  &amp#27;[32mGiven &amp#27;[0m&amp#27;[32mI am on the register page&amp#27;[0m                                     &amp#27;[90m# com.example.steps.RegistStep.iAmOnTheRegisterPage()&amp#27;[0m
  &amp#27;[32mWhen &amp#27;[0m&amp#27;[32mI input &amp#27;[0m&amp#27;[32m&amp#27;[1m"null"&amp#27;[0m&amp#27;[32m nama lengkap &amp#27;[0m&amp#27;[32m&amp#27;[1m"valid"&amp#27;[0m&amp#27;[32m email and &amp#27;[0m&amp#27;[32m&amp#27;[1m"valid"&amp#27;[0m&amp#27;[32m password&amp#27;[0m &amp#27;[90m# com.example.steps.RegistStep.iInputNamaLengkapAndPassword(java.lang.String,java.lang.String,java.lang.String)&amp#27;[0m
  &amp#27;[32mAnd &amp#27;[0m&amp#27;[32mI click register button&amp#27;[0m                                         &amp#27;[90m# com.example.steps.RegistStep.iClickRegisterButton()&amp#27;[0m
  &amp#27;[32mThen &amp#27;[0m&amp#27;[32mI will get the &amp#27;[0m&amp#27;[32m&amp#27;[1m"Must Fill 1"&amp#27;[0m                                   &amp#27;[90m# com.example.steps.RegistStep.iWillGetThe(java.lang.String)&amp#27;[0m
]]></system-out>
    <system-err><![CDATA[[main] INFO io.cucumber.core.plugin.SerenityReporter - Running feature from file:///D:/File%20Baru/Kuliah/Quality%20Engineer/Capstone_DIskusiin/Diskusi.in-QA/sample-mobile-automation/src/test/resources/features/DiscussIn/a_Regist.feature
[main] WARN io.cucumber.core.plugin.SerenityReporter - Feature from file:///D:/File%20Baru/Kuliah/Quality%20Engineer/Capstone_DIskusiin/Diskusi.in-QA/sample-mobile-automation/src/test/resources/features/DiscussIn/a_Regist.feature is not under the 'features' directory. Requirements report will not be correctly generated!
Dec 17, 2022 8:40:13 PM io.appium.java_client.remote.AppiumCommandExecutor$1 lambda$0
INFO: Detected dialect: W3C
]]></system-err>
  </testcase>
  <testcase name="Regist with username, email, and password #11" classname="Register Account" time="32.291">
    <system-out><![CDATA[
Scenario Outline: Regist with username, email, and password           &amp#27;[90m# src/test/resources/features/DiscussIn/a_Regist.feature:23&amp#27;[0m
  &amp#27;[32mGiven &amp#27;[0m&amp#27;[32mI am on the register page&amp#27;[0m                                     &amp#27;[90m# com.example.steps.RegistStep.iAmOnTheRegisterPage()&amp#27;[0m
  &amp#27;[32mWhen &amp#27;[0m&amp#27;[32mI input &amp#27;[0m&amp#27;[32m&amp#27;[1m"valid"&amp#27;[0m&amp#27;[32m nama lengkap &amp#27;[0m&amp#27;[32m&amp#27;[1m"valid"&amp#27;[0m&amp#27;[32m email and &amp#27;[0m&amp#27;[32m&amp#27;[1m"null"&amp#27;[0m&amp#27;[32m password&amp#27;[0m &amp#27;[90m# com.example.steps.RegistStep.iInputNamaLengkapAndPassword(java.lang.String,java.lang.String,java.lang.String)&amp#27;[0m
  &amp#27;[32mAnd &amp#27;[0m&amp#27;[32mI click register button&amp#27;[0m                                         &amp#27;[90m# com.example.steps.RegistStep.iClickRegisterButton()&amp#27;[0m
  &amp#27;[32mThen &amp#27;[0m&amp#27;[32mI will get the &amp#27;[0m&amp#27;[32m&amp#27;[1m"Must Fill 3"&amp#27;[0m                                   &amp#27;[90m# com.example.steps.RegistStep.iWillGetThe(java.lang.String)&amp#27;[0m
]]></system-out>
    <system-err><![CDATA[[main] INFO io.cucumber.core.plugin.SerenityReporter - Running feature from file:///D:/File%20Baru/Kuliah/Quality%20Engineer/Capstone_DIskusiin/Diskusi.in-QA/sample-mobile-automation/src/test/resources/features/DiscussIn/a_Regist.feature
[main] WARN io.cucumber.core.plugin.SerenityReporter - Feature from file:///D:/File%20Baru/Kuliah/Quality%20Engineer/Capstone_DIskusiin/Diskusi.in-QA/sample-mobile-automation/src/test/resources/features/DiscussIn/a_Regist.feature is not under the 'features' directory. Requirements report will not be correctly generated!
Dec 17, 2022 8:40:45 PM io.appium.java_client.remote.AppiumCommandExecutor$1 lambda$0
INFO: Detected dialect: W3C
]]></system-err>
  </testcase>
  <testcase name="Regist with username, email, and password #12" classname="Register Account" time="33.553">
    <system-out><![CDATA[
Scenario Outline: Regist with username, email, and password            &amp#27;[90m# src/test/resources/features/DiscussIn/a_Regist.feature:24&amp#27;[0m
  &amp#27;[32mGiven &amp#27;[0m&amp#27;[32mI am on the register page&amp#27;[0m                                      &amp#27;[90m# com.example.steps.RegistStep.iAmOnTheRegisterPage()&amp#27;[0m
  &amp#27;[32mWhen &amp#27;[0m&amp#27;[32mI input &amp#27;[0m&amp#27;[32m&amp#27;[1m"valid"&amp#27;[0m&amp#27;[32m nama lengkap &amp#27;[0m&amp#27;[32m&amp#27;[1m"valid"&amp#27;[0m&amp#27;[32m email and &amp#27;[0m&amp#27;[32m&amp#27;[1m"valid"&amp#27;[0m&amp#27;[32m password&amp#27;[0m &amp#27;[90m# com.example.steps.RegistStep.iInputNamaLengkapAndPassword(java.lang.String,java.lang.String,java.lang.String)&amp#27;[0m
  &amp#27;[32mAnd &amp#27;[0m&amp#27;[32mI click register button&amp#27;[0m                                          &amp#27;[90m# com.example.steps.RegistStep.iClickRegisterButton()&amp#27;[0m
  &amp#27;[32mThen &amp#27;[0m&amp#27;[32mI will get the &amp#27;[0m&amp#27;[32m&amp#27;[1m"failed regist"&amp#27;[0m                                  &amp#27;[90m# com.example.steps.RegistStep.iWillGetThe(java.lang.String)&amp#27;[0m
]]></system-out>
    <system-err><![CDATA[[main] INFO io.cucumber.core.plugin.SerenityReporter - Running feature from file:///D:/File%20Baru/Kuliah/Quality%20Engineer/Capstone_DIskusiin/Diskusi.in-QA/sample-mobile-automation/src/test/resources/features/DiscussIn/a_Regist.feature
[main] WARN io.cucumber.core.plugin.SerenityReporter - Feature from file:///D:/File%20Baru/Kuliah/Quality%20Engineer/Capstone_DIskusiin/Diskusi.in-QA/sample-mobile-automation/src/test/resources/features/DiscussIn/a_Regist.feature is not under the 'features' directory. Requirements report will not be correctly generated!
Dec 17, 2022 8:41:17 PM io.appium.java_client.remote.AppiumCommandExecutor$1 lambda$0
INFO: Detected dialect: W3C
]]></system-err>
  </testcase>
  <testcase name="Regist with username, email, and password #13" classname="Register Account" time="32.278">
    <system-out><![CDATA[
Scenario Outline: Regist with username, email, and password               &amp#27;[90m# src/test/resources/features/DiscussIn/a_Regist.feature:25&amp#27;[0m
  &amp#27;[32mGiven &amp#27;[0m&amp#27;[32mI am on the register page&amp#27;[0m                                         &amp#27;[90m# com.example.steps.RegistStep.iAmOnTheRegisterPage()&amp#27;[0m
  &amp#27;[32mWhen &amp#27;[0m&amp#27;[32mI input &amp#27;[0m&amp#27;[32m&amp#27;[1m"random"&amp#27;[0m&amp#27;[32m nama lengkap &amp#27;[0m&amp#27;[32m&amp#27;[1m"random"&amp#27;[0m&amp#27;[32m email and &amp#27;[0m&amp#27;[32m&amp#27;[1m"random"&amp#27;[0m&amp#27;[32m password&amp#27;[0m &amp#27;[90m# com.example.steps.RegistStep.iInputNamaLengkapAndPassword(java.lang.String,java.lang.String,java.lang.String)&amp#27;[0m
  &amp#27;[32mAnd &amp#27;[0m&amp#27;[32mI click register button&amp#27;[0m                                             &amp#27;[90m# com.example.steps.RegistStep.iClickRegisterButton()&amp#27;[0m
  &amp#27;[32mThen &amp#27;[0m&amp#27;[32mI will get the &amp#27;[0m&amp#27;[32m&amp#27;[1m"success"&amp#27;[0m                                           &amp#27;[90m# com.example.steps.RegistStep.iWillGetThe(java.lang.String)&amp#27;[0m
]]></system-out>
    <system-err><![CDATA[[main] INFO io.cucumber.core.plugin.SerenityReporter - Running feature from file:///D:/File%20Baru/Kuliah/Quality%20Engineer/Capstone_DIskusiin/Diskusi.in-QA/sample-mobile-automation/src/test/resources/features/DiscussIn/a_Regist.feature
[main] WARN io.cucumber.core.plugin.SerenityReporter - Feature from file:///D:/File%20Baru/Kuliah/Quality%20Engineer/Capstone_DIskusiin/Diskusi.in-QA/sample-mobile-automation/src/test/resources/features/DiscussIn/a_Regist.feature is not under the 'features' directory. Requirements report will not be correctly generated!
Dec 17, 2022 8:41:51 PM io.appium.java_client.remote.AppiumCommandExecutor$1 lambda$0
INFO: Detected dialect: W3C
]]></system-err>
  </testcase>
  <testcase name="Regist with username, email, and password #14" classname="Register Account" time="32.618">
    <system-out><![CDATA[
Scenario Outline: Regist with username, email, and password            &amp#27;[90m# src/test/resources/features/DiscussIn/a_Regist.feature:26&amp#27;[0m
  &amp#27;[32mGiven &amp#27;[0m&amp#27;[32mI am on the register page&amp#27;[0m                                      &amp#27;[90m# com.example.steps.RegistStep.iAmOnTheRegisterPage()&amp#27;[0m
  &amp#27;[32mWhen &amp#27;[0m&amp#27;[32mI input &amp#27;[0m&amp#27;[32m&amp#27;[1m"valid"&amp#27;[0m&amp#27;[32m nama lengkap &amp#27;[0m&amp#27;[32m&amp#27;[1m"null"&amp#27;[0m&amp#27;[32m email and &amp#27;[0m&amp#27;[32m&amp#27;[1m"random"&amp#27;[0m&amp#27;[32m password&amp#27;[0m &amp#27;[90m# com.example.steps.RegistStep.iInputNamaLengkapAndPassword(java.lang.String,java.lang.String,java.lang.String)&amp#27;[0m
  &amp#27;[32mAnd &amp#27;[0m&amp#27;[32mI click register button&amp#27;[0m                                          &amp#27;[90m# com.example.steps.RegistStep.iClickRegisterButton()&amp#27;[0m
  &amp#27;[32mThen &amp#27;[0m&amp#27;[32mI will get the &amp#27;[0m&amp#27;[32m&amp#27;[1m"Must Fill 2"&amp#27;[0m                                    &amp#27;[90m# com.example.steps.RegistStep.iWillGetThe(java.lang.String)&amp#27;[0m
]]></system-out>
    <system-err><![CDATA[[main] INFO io.cucumber.core.plugin.SerenityReporter - Running feature from file:///D:/File%20Baru/Kuliah/Quality%20Engineer/Capstone_DIskusiin/Diskusi.in-QA/sample-mobile-automation/src/test/resources/features/DiscussIn/a_Regist.feature
[main] WARN io.cucumber.core.plugin.SerenityReporter - Feature from file:///D:/File%20Baru/Kuliah/Quality%20Engineer/Capstone_DIskusiin/Diskusi.in-QA/sample-mobile-automation/src/test/resources/features/DiscussIn/a_Regist.feature is not under the 'features' directory. Requirements report will not be correctly generated!
Dec 17, 2022 8:42:23 PM io.appium.java_client.remote.AppiumCommandExecutor$1 lambda$0
INFO: Detected dialect: W3C
]]></system-err>
  </testcase>
  <testcase name="Regist with username, email, and password #15" classname="Register Account" time="32.311">
    <system-out><![CDATA[
Scenario Outline: Regist with username, email, and password            &amp#27;[90m# src/test/resources/features/DiscussIn/a_Regist.feature:27&amp#27;[0m
  &amp#27;[32mGiven &amp#27;[0m&amp#27;[32mI am on the register page&amp#27;[0m                                      &amp#27;[90m# com.example.steps.RegistStep.iAmOnTheRegisterPage()&amp#27;[0m
  &amp#27;[32mWhen &amp#27;[0m&amp#27;[32mI input &amp#27;[0m&amp#27;[32m&amp#27;[1m"valid"&amp#27;[0m&amp#27;[32m nama lengkap &amp#27;[0m&amp#27;[32m&amp#27;[1m"random"&amp#27;[0m&amp#27;[32m email and &amp#27;[0m&amp#27;[32m&amp#27;[1m"null"&amp#27;[0m&amp#27;[32m password&amp#27;[0m &amp#27;[90m# com.example.steps.RegistStep.iInputNamaLengkapAndPassword(java.lang.String,java.lang.String,java.lang.String)&amp#27;[0m
  &amp#27;[32mAnd &amp#27;[0m&amp#27;[32mI click register button&amp#27;[0m                                          &amp#27;[90m# com.example.steps.RegistStep.iClickRegisterButton()&amp#27;[0m
  &amp#27;[32mThen &amp#27;[0m&amp#27;[32mI will get the &amp#27;[0m&amp#27;[32m&amp#27;[1m"Must Fill 3"&amp#27;[0m                                    &amp#27;[90m# com.example.steps.RegistStep.iWillGetThe(java.lang.String)&amp#27;[0m
]]></system-out>
    <system-err><![CDATA[[main] INFO io.cucumber.core.plugin.SerenityReporter - Running feature from file:///D:/File%20Baru/Kuliah/Quality%20Engineer/Capstone_DIskusiin/Diskusi.in-QA/sample-mobile-automation/src/test/resources/features/DiscussIn/a_Regist.feature
[main] WARN io.cucumber.core.plugin.SerenityReporter - Feature from file:///D:/File%20Baru/Kuliah/Quality%20Engineer/Capstone_DIskusiin/Diskusi.in-QA/sample-mobile-automation/src/test/resources/features/DiscussIn/a_Regist.feature is not under the 'features' directory. Requirements report will not be correctly generated!
Dec 17, 2022 8:42:56 PM io.appium.java_client.remote.AppiumCommandExecutor$1 lambda$0
INFO: Detected dialect: W3C
]]></system-err>
  </testcase>
  <testcase name="Regist with username, email, and password #16" classname="Register Account" time="32.897">
    <system-out><![CDATA[
Scenario Outline: Regist with username, email, and password            &amp#27;[90m# src/test/resources/features/DiscussIn/a_Regist.feature:28&amp#27;[0m
  &amp#27;[32mGiven &amp#27;[0m&amp#27;[32mI am on the register page&amp#27;[0m                                      &amp#27;[90m# com.example.steps.RegistStep.iAmOnTheRegisterPage()&amp#27;[0m
  &amp#27;[32mWhen &amp#27;[0m&amp#27;[32mI input &amp#27;[0m&amp#27;[32m&amp#27;[1m"random"&amp#27;[0m&amp#27;[32m nama lengkap &amp#27;[0m&amp#27;[32m&amp#27;[1m"valid"&amp#27;[0m&amp#27;[32m email and &amp#27;[0m&amp#27;[32m&amp#27;[1m"null"&amp#27;[0m&amp#27;[32m password&amp#27;[0m &amp#27;[90m# com.example.steps.RegistStep.iInputNamaLengkapAndPassword(java.lang.String,java.lang.String,java.lang.String)&amp#27;[0m
  &amp#27;[32mAnd &amp#27;[0m&amp#27;[32mI click register button&amp#27;[0m                                          &amp#27;[90m# com.example.steps.RegistStep.iClickRegisterButton()&amp#27;[0m
  &amp#27;[32mThen &amp#27;[0m&amp#27;[32mI will get the &amp#27;[0m&amp#27;[32m&amp#27;[1m"Must Fill 3"&amp#27;[0m                                    &amp#27;[90m# com.example.steps.RegistStep.iWillGetThe(java.lang.String)&amp#27;[0m
]]></system-out>
    <system-err><![CDATA[[main] INFO io.cucumber.core.plugin.SerenityReporter - Running feature from file:///D:/File%20Baru/Kuliah/Quality%20Engineer/Capstone_DIskusiin/Diskusi.in-QA/sample-mobile-automation/src/test/resources/features/DiscussIn/a_Regist.feature
[main] WARN io.cucumber.core.plugin.SerenityReporter - Feature from file:///D:/File%20Baru/Kuliah/Quality%20Engineer/Capstone_DIskusiin/Diskusi.in-QA/sample-mobile-automation/src/test/resources/features/DiscussIn/a_Regist.feature is not under the 'features' directory. Requirements report will not be correctly generated!
Dec 17, 2022 8:43:29 PM io.appium.java_client.remote.AppiumCommandExecutor$1 lambda$0
INFO: Detected dialect: W3C
]]></system-err>
  </testcase>
  <testcase name="Regist with username, email, and password #17" classname="Register Account" time="32.836">
    <system-out><![CDATA[
Scenario Outline: Regist with username, email, and password            &amp#27;[90m# src/test/resources/features/DiscussIn/a_Regist.feature:29&amp#27;[0m
  &amp#27;[32mGiven &amp#27;[0m&amp#27;[32mI am on the register page&amp#27;[0m                                      &amp#27;[90m# com.example.steps.RegistStep.iAmOnTheRegisterPage()&amp#27;[0m
  &amp#27;[32mWhen &amp#27;[0m&amp#27;[32mI input &amp#27;[0m&amp#27;[32m&amp#27;[1m"random"&amp#27;[0m&amp#27;[32m nama lengkap &amp#27;[0m&amp#27;[32m&amp#27;[1m"null"&amp#27;[0m&amp#27;[32m email and &amp#27;[0m&amp#27;[32m&amp#27;[1m"valid"&amp#27;[0m&amp#27;[32m password&amp#27;[0m &amp#27;[90m# com.example.steps.RegistStep.iInputNamaLengkapAndPassword(java.lang.String,java.lang.String,java.lang.String)&amp#27;[0m
  &amp#27;[32mAnd &amp#27;[0m&amp#27;[32mI click register button&amp#27;[0m                                          &amp#27;[90m# com.example.steps.RegistStep.iClickRegisterButton()&amp#27;[0m
  &amp#27;[32mThen &amp#27;[0m&amp#27;[32mI will get the &amp#27;[0m&amp#27;[32m&amp#27;[1m"Must Fill 2"&amp#27;[0m                                    &amp#27;[90m# com.example.steps.RegistStep.iWillGetThe(java.lang.String)&amp#27;[0m
]]></system-out>
    <system-err><![CDATA[[main] INFO io.cucumber.core.plugin.SerenityReporter - Running feature from file:///D:/File%20Baru/Kuliah/Quality%20Engineer/Capstone_DIskusiin/Diskusi.in-QA/sample-mobile-automation/src/test/resources/features/DiscussIn/a_Regist.feature
[main] WARN io.cucumber.core.plugin.SerenityReporter - Feature from file:///D:/File%20Baru/Kuliah/Quality%20Engineer/Capstone_DIskusiin/Diskusi.in-QA/sample-mobile-automation/src/test/resources/features/DiscussIn/a_Regist.feature is not under the 'features' directory. Requirements report will not be correctly generated!
Dec 17, 2022 8:44:01 PM io.appium.java_client.remote.AppiumCommandExecutor$1 lambda$0
INFO: Detected dialect: W3C
]]></system-err>
  </testcase>
  <testcase name="Regist with username, email, and password #18" classname="Register Account" time="35.481">
    <system-out><![CDATA[
Scenario Outline: Regist with username, email, and password             &amp#27;[90m# src/test/resources/features/DiscussIn/a_Regist.feature:30&amp#27;[0m
  &amp#27;[32mGiven &amp#27;[0m&amp#27;[32mI am on the register page&amp#27;[0m                                       &amp#27;[90m# com.example.steps.RegistStep.iAmOnTheRegisterPage()&amp#27;[0m
  &amp#27;[32mWhen &amp#27;[0m&amp#27;[32mI input &amp#27;[0m&amp#27;[32m&amp#27;[1m"valid"&amp#27;[0m&amp#27;[32m nama lengkap &amp#27;[0m&amp#27;[32m&amp#27;[1m"valid"&amp#27;[0m&amp#27;[32m email and &amp#27;[0m&amp#27;[32m&amp#27;[1m"random"&amp#27;[0m&amp#27;[32m password&amp#27;[0m &amp#27;[90m# com.example.steps.RegistStep.iInputNamaLengkapAndPassword(java.lang.String,java.lang.String,java.lang.String)&amp#27;[0m
  &amp#27;[32mAnd &amp#27;[0m&amp#27;[32mI click register button&amp#27;[0m                                           &amp#27;[90m# com.example.steps.RegistStep.iClickRegisterButton()&amp#27;[0m
  &amp#27;[32mThen &amp#27;[0m&amp#27;[32mI will get the &amp#27;[0m&amp#27;[32m&amp#27;[1m"failed regist"&amp#27;[0m                                   &amp#27;[90m# com.example.steps.RegistStep.iWillGetThe(java.lang.String)&amp#27;[0m
]]></system-out>
    <system-err><![CDATA[[main] INFO io.cucumber.core.plugin.SerenityReporter - Running feature from file:///D:/File%20Baru/Kuliah/Quality%20Engineer/Capstone_DIskusiin/Diskusi.in-QA/sample-mobile-automation/src/test/resources/features/DiscussIn/a_Regist.feature
[main] WARN io.cucumber.core.plugin.SerenityReporter - Feature from file:///D:/File%20Baru/Kuliah/Quality%20Engineer/Capstone_DIskusiin/Diskusi.in-QA/sample-mobile-automation/src/test/resources/features/DiscussIn/a_Regist.feature is not under the 'features' directory. Requirements report will not be correctly generated!
Dec 17, 2022 8:44:36 PM io.appium.java_client.remote.AppiumCommandExecutor$1 lambda$0
INFO: Detected dialect: W3C
]]></system-err>
  </testcase>
  <testcase name="Regist with username, email, and password #19" classname="Register Account" time="33.156">
    <system-out><![CDATA[
Scenario Outline: Regist with username, email, and password              &amp#27;[90m# src/test/resources/features/DiscussIn/a_Regist.feature:31&amp#27;[0m
  &amp#27;[32mGiven &amp#27;[0m&amp#27;[32mI am on the register page&amp#27;[0m                                        &amp#27;[90m# com.example.steps.RegistStep.iAmOnTheRegisterPage()&amp#27;[0m
  &amp#27;[32mWhen &amp#27;[0m&amp#27;[32mI input &amp#27;[0m&amp#27;[32m&amp#27;[1m"random"&amp#27;[0m&amp#27;[32m nama lengkap &amp#27;[0m&amp#27;[32m&amp#27;[1m"random"&amp#27;[0m&amp#27;[32m email and &amp#27;[0m&amp#27;[32m&amp#27;[1m"valid"&amp#27;[0m&amp#27;[32m password&amp#27;[0m &amp#27;[90m# com.example.steps.RegistStep.iInputNamaLengkapAndPassword(java.lang.String,java.lang.String,java.lang.String)&amp#27;[0m
  &amp#27;[32mAnd &amp#27;[0m&amp#27;[32mI click register button&amp#27;[0m                                            &amp#27;[90m# com.example.steps.RegistStep.iClickRegisterButton()&amp#27;[0m
  &amp#27;[32mThen &amp#27;[0m&amp#27;[32mI will get the &amp#27;[0m&amp#27;[32m&amp#27;[1m"success"&amp#27;[0m                                          &amp#27;[90m# com.example.steps.RegistStep.iWillGetThe(java.lang.String)&amp#27;[0m
]]></system-out>
    <system-err><![CDATA[[main] INFO io.cucumber.core.plugin.SerenityReporter - Running feature from file:///D:/File%20Baru/Kuliah/Quality%20Engineer/Capstone_DIskusiin/Diskusi.in-QA/sample-mobile-automation/src/test/resources/features/DiscussIn/a_Regist.feature
[main] WARN io.cucumber.core.plugin.SerenityReporter - Feature from file:///D:/File%20Baru/Kuliah/Quality%20Engineer/Capstone_DIskusiin/Diskusi.in-QA/sample-mobile-automation/src/test/resources/features/DiscussIn/a_Regist.feature is not under the 'features' directory. Requirements report will not be correctly generated!
Dec 17, 2022 8:45:10 PM io.appium.java_client.remote.AppiumCommandExecutor$1 lambda$0
INFO: Detected dialect: W3C
]]></system-err>
  </testcase>
  <testcase name="Regist with username, email, and password #20" classname="Register Account" time="33.765">
    <system-out><![CDATA[
Scenario Outline: Regist with username, email, and password             &amp#27;[90m# src/test/resources/features/DiscussIn/a_Regist.feature:32&amp#27;[0m
  &amp#27;[32mGiven &amp#27;[0m&amp#27;[32mI am on the register page&amp#27;[0m                                       &amp#27;[90m# com.example.steps.RegistStep.iAmOnTheRegisterPage()&amp#27;[0m
  &amp#27;[32mWhen &amp#27;[0m&amp#27;[32mI input &amp#27;[0m&amp#27;[32m&amp#27;[1m"valid"&amp#27;[0m&amp#27;[32m nama lengkap &amp#27;[0m&amp#27;[32m&amp#27;[1m"random"&amp#27;[0m&amp#27;[32m email and &amp#27;[0m&amp#27;[32m&amp#27;[1m"valid"&amp#27;[0m&amp#27;[32m password&amp#27;[0m &amp#27;[90m# com.example.steps.RegistStep.iInputNamaLengkapAndPassword(java.lang.String,java.lang.String,java.lang.String)&amp#27;[0m
  &amp#27;[32mAnd &amp#27;[0m&amp#27;[32mI click register button&amp#27;[0m                                           &amp#27;[90m# com.example.steps.RegistStep.iClickRegisterButton()&amp#27;[0m
  &amp#27;[32mThen &amp#27;[0m&amp#27;[32mI will get the &amp#27;[0m&amp#27;[32m&amp#27;[1m"success"&amp#27;[0m                                         &amp#27;[90m# com.example.steps.RegistStep.iWillGetThe(java.lang.String)&amp#27;[0m
]]></system-out>
    <system-err><![CDATA[[main] INFO io.cucumber.core.plugin.SerenityReporter - Running feature from file:///D:/File%20Baru/Kuliah/Quality%20Engineer/Capstone_DIskusiin/Diskusi.in-QA/sample-mobile-automation/src/test/resources/features/DiscussIn/a_Regist.feature
[main] WARN io.cucumber.core.plugin.SerenityReporter - Feature from file:///D:/File%20Baru/Kuliah/Quality%20Engineer/Capstone_DIskusiin/Diskusi.in-QA/sample-mobile-automation/src/test/resources/features/DiscussIn/a_Regist.feature is not under the 'features' directory. Requirements report will not be correctly generated!
Dec 17, 2022 8:45:44 PM io.appium.java_client.remote.AppiumCommandExecutor$1 lambda$0
INFO: Detected dialect: W3C
]]></system-err>
  </testcase>
  <testcase name="Regist with username, email, and password #21" classname="Register Account" time="33.419">
    <system-out><![CDATA[
Scenario Outline: Regist with username, email, and password              &amp#27;[90m# src/test/resources/features/DiscussIn/a_Regist.feature:33&amp#27;[0m
  &amp#27;[32mGiven &amp#27;[0m&amp#27;[32mI am on the register page&amp#27;[0m                                        &amp#27;[90m# com.example.steps.RegistStep.iAmOnTheRegisterPage()&amp#27;[0m
  &amp#27;[32mWhen &amp#27;[0m&amp#27;[32mI input &amp#27;[0m&amp#27;[32m&amp#27;[1m"random"&amp#27;[0m&amp#27;[32m nama lengkap &amp#27;[0m&amp#27;[32m&amp#27;[1m"valid"&amp#27;[0m&amp#27;[32m email and &amp#27;[0m&amp#27;[32m&amp#27;[1m"random"&amp#27;[0m&amp#27;[32m password&amp#27;[0m &amp#27;[90m# com.example.steps.RegistStep.iInputNamaLengkapAndPassword(java.lang.String,java.lang.String,java.lang.String)&amp#27;[0m
  &amp#27;[32mAnd &amp#27;[0m&amp#27;[32mI click register button&amp#27;[0m                                            &amp#27;[90m# com.example.steps.RegistStep.iClickRegisterButton()&amp#27;[0m
  &amp#27;[32mThen &amp#27;[0m&amp#27;[32mI will get the &amp#27;[0m&amp#27;[32m&amp#27;[1m"failed regist"&amp#27;[0m                                    &amp#27;[90m# com.example.steps.RegistStep.iWillGetThe(java.lang.String)&amp#27;[0m
]]></system-out>
    <system-err><![CDATA[[main] INFO io.cucumber.core.plugin.SerenityReporter - Running feature from file:///D:/File%20Baru/Kuliah/Quality%20Engineer/Capstone_DIskusiin/Diskusi.in-QA/sample-mobile-automation/src/test/resources/features/DiscussIn/a_Regist.feature
[main] WARN io.cucumber.core.plugin.SerenityReporter - Feature from file:///D:/File%20Baru/Kuliah/Quality%20Engineer/Capstone_DIskusiin/Diskusi.in-QA/sample-mobile-automation/src/test/resources/features/DiscussIn/a_Regist.feature is not under the 'features' directory. Requirements report will not be correctly generated!
Dec 17, 2022 8:46:17 PM io.appium.java_client.remote.AppiumCommandExecutor$1 lambda$0
INFO: Detected dialect: W3C
]]></system-err>
  </testcase>
  <testcase name="Regist with username, email, and password #22" classname="Register Account" time="33.502">
    <system-out><![CDATA[
Scenario Outline: Regist with username, email, and password             &amp#27;[90m# src/test/resources/features/DiscussIn/a_Regist.feature:34&amp#27;[0m
  &amp#27;[32mGiven &amp#27;[0m&amp#27;[32mI am on the register page&amp#27;[0m                                       &amp#27;[90m# com.example.steps.RegistStep.iAmOnTheRegisterPage()&amp#27;[0m
  &amp#27;[32mWhen &amp#27;[0m&amp#27;[32mI input &amp#27;[0m&amp#27;[32m&amp#27;[1m"random"&amp#27;[0m&amp#27;[32m nama lengkap &amp#27;[0m&amp#27;[32m&amp#27;[1m"valid"&amp#27;[0m&amp#27;[32m email and &amp#27;[0m&amp#27;[32m&amp#27;[1m"valid"&amp#27;[0m&amp#27;[32m password&amp#27;[0m &amp#27;[90m# com.example.steps.RegistStep.iInputNamaLengkapAndPassword(java.lang.String,java.lang.String,java.lang.String)&amp#27;[0m
  &amp#27;[32mAnd &amp#27;[0m&amp#27;[32mI click register button&amp#27;[0m                                           &amp#27;[90m# com.example.steps.RegistStep.iClickRegisterButton()&amp#27;[0m
  &amp#27;[32mThen &amp#27;[0m&amp#27;[32mI will get the &amp#27;[0m&amp#27;[32m&amp#27;[1m"failed regist"&amp#27;[0m                                   &amp#27;[90m# com.example.steps.RegistStep.iWillGetThe(java.lang.String)&amp#27;[0m
]]></system-out>
    <system-err><![CDATA[[main] INFO io.cucumber.core.plugin.SerenityReporter - Running feature from file:///D:/File%20Baru/Kuliah/Quality%20Engineer/Capstone_DIskusiin/Diskusi.in-QA/sample-mobile-automation/src/test/resources/features/DiscussIn/a_Regist.feature
[main] WARN io.cucumber.core.plugin.SerenityReporter - Feature from file:///D:/File%20Baru/Kuliah/Quality%20Engineer/Capstone_DIskusiin/Diskusi.in-QA/sample-mobile-automation/src/test/resources/features/DiscussIn/a_Regist.feature is not under the 'features' directory. Requirements report will not be correctly generated!
Dec 17, 2022 8:46:50 PM io.appium.java_client.remote.AppiumCommandExecutor$1 lambda$0
INFO: Detected dialect: W3C
]]></system-err>
  </testcase>
  <testcase name="Regist with username, email, and password #23" classname="Register Account" time="32.401">
    <system-out><![CDATA[
Scenario Outline: Regist with username, email, and password             &amp#27;[90m# src/test/resources/features/DiscussIn/a_Regist.feature:35&amp#27;[0m
  &amp#27;[32mGiven &amp#27;[0m&amp#27;[32mI am on the register page&amp#27;[0m                                       &amp#27;[90m# com.example.steps.RegistStep.iAmOnTheRegisterPage()&amp#27;[0m
  &amp#27;[32mWhen &amp#27;[0m&amp#27;[32mI input &amp#27;[0m&amp#27;[32m&amp#27;[1m"valid"&amp#27;[0m&amp#27;[32m nama lengkap &amp#27;[0m&amp#27;[32m&amp#27;[1m"random"&amp#27;[0m&amp#27;[32m email and &amp#27;[0m&amp#27;[32m&amp#27;[1m"valid"&amp#27;[0m&amp#27;[32m password&amp#27;[0m &amp#27;[90m# com.example.steps.RegistStep.iInputNamaLengkapAndPassword(java.lang.String,java.lang.String,java.lang.String)&amp#27;[0m
  &amp#27;[32mAnd &amp#27;[0m&amp#27;[32mI click register button&amp#27;[0m                                           &amp#27;[90m# com.example.steps.RegistStep.iClickRegisterButton()&amp#27;[0m
  &amp#27;[32mThen &amp#27;[0m&amp#27;[32mI will get the &amp#27;[0m&amp#27;[32m&amp#27;[1m"success"&amp#27;[0m                                         &amp#27;[90m# com.example.steps.RegistStep.iWillGetThe(java.lang.String)&amp#27;[0m
]]></system-out>
    <system-err><![CDATA[[main] INFO io.cucumber.core.plugin.SerenityReporter - Running feature from file:///D:/File%20Baru/Kuliah/Quality%20Engineer/Capstone_DIskusiin/Diskusi.in-QA/sample-mobile-automation/src/test/resources/features/DiscussIn/a_Regist.feature
[main] WARN io.cucumber.core.plugin.SerenityReporter - Feature from file:///D:/File%20Baru/Kuliah/Quality%20Engineer/Capstone_DIskusiin/Diskusi.in-QA/sample-mobile-automation/src/test/resources/features/DiscussIn/a_Regist.feature is not under the 'features' directory. Requirements report will not be correctly generated!
Dec 17, 2022 8:47:23 PM io.appium.java_client.remote.AppiumCommandExecutor$1 lambda$0
INFO: Detected dialect: W3C
]]></system-err>
  </testcase>
  <testcase name="Regist with username, email, and password #24" classname="Register Account" time="33.349">
    <system-out><![CDATA[
Scenario Outline: Regist with username, email, and password             &amp#27;[90m# src/test/resources/features/DiscussIn/a_Regist.feature:36&amp#27;[0m
  &amp#27;[32mGiven &amp#27;[0m&amp#27;[32mI am on the register page&amp#27;[0m                                       &amp#27;[90m# com.example.steps.RegistStep.iAmOnTheRegisterPage()&amp#27;[0m
  &amp#27;[32mWhen &amp#27;[0m&amp#27;[32mI input &amp#27;[0m&amp#27;[32m&amp#27;[1m"valid"&amp#27;[0m&amp#27;[32m nama lengkap &amp#27;[0m&amp#27;[32m&amp#27;[1m"valid"&amp#27;[0m&amp#27;[32m email and &amp#27;[0m&amp#27;[32m&amp#27;[1m"random"&amp#27;[0m&amp#27;[32m password&amp#27;[0m &amp#27;[90m# com.example.steps.RegistStep.iInputNamaLengkapAndPassword(java.lang.String,java.lang.String,java.lang.String)&amp#27;[0m
  &amp#27;[32mAnd &amp#27;[0m&amp#27;[32mI click register button&amp#27;[0m                                           &amp#27;[90m# com.example.steps.RegistStep.iClickRegisterButton()&amp#27;[0m
  &amp#27;[32mThen &amp#27;[0m&amp#27;[32mI will get the &amp#27;[0m&amp#27;[32m&amp#27;[1m"failed regist"&amp#27;[0m                                   &amp#27;[90m# com.example.steps.RegistStep.iWillGetThe(java.lang.String)&amp#27;[0m
]]></system-out>
    <system-err><![CDATA[[main] INFO io.cucumber.core.plugin.SerenityReporter - Running feature from file:///D:/File%20Baru/Kuliah/Quality%20Engineer/Capstone_DIskusiin/Diskusi.in-QA/sample-mobile-automation/src/test/resources/features/DiscussIn/a_Regist.feature
[main] WARN io.cucumber.core.plugin.SerenityReporter - Feature from file:///D:/File%20Baru/Kuliah/Quality%20Engineer/Capstone_DIskusiin/Diskusi.in-QA/sample-mobile-automation/src/test/resources/features/DiscussIn/a_Regist.feature is not under the 'features' directory. Requirements report will not be correctly generated!
Dec 17, 2022 8:47:56 PM io.appium.java_client.remote.AppiumCommandExecutor$1 lambda$0
INFO: Detected dialect: W3C
]]></system-err>
  </testcase>
  <testcase name="Regist with username, email, and password #25" classname="Register Account" time="32.228">
    <system-out><![CDATA[
Scenario Outline: Regist with username, email, and password              &amp#27;[90m# src/test/resources/features/DiscussIn/a_Regist.feature:37&amp#27;[0m
  &amp#27;[32mGiven &amp#27;[0m&amp#27;[32mI am on the register page&amp#27;[0m                                        &amp#27;[90m# com.example.steps.RegistStep.iAmOnTheRegisterPage()&amp#27;[0m
  &amp#27;[32mWhen &amp#27;[0m&amp#27;[32mI input &amp#27;[0m&amp#27;[32m&amp#27;[1m"valid"&amp#27;[0m&amp#27;[32m nama lengkap &amp#27;[0m&amp#27;[32m&amp#27;[1m"random"&amp#27;[0m&amp#27;[32m email and &amp#27;[0m&amp#27;[32m&amp#27;[1m"random"&amp#27;[0m&amp#27;[32m password&amp#27;[0m &amp#27;[90m# com.example.steps.RegistStep.iInputNamaLengkapAndPassword(java.lang.String,java.lang.String,java.lang.String)&amp#27;[0m
  &amp#27;[32mAnd &amp#27;[0m&amp#27;[32mI click register button&amp#27;[0m                                            &amp#27;[90m# com.example.steps.RegistStep.iClickRegisterButton()&amp#27;[0m
  &amp#27;[32mThen &amp#27;[0m&amp#27;[32mI will get the &amp#27;[0m&amp#27;[32m&amp#27;[1m"success"&amp#27;[0m                                          &amp#27;[90m# com.example.steps.RegistStep.iWillGetThe(java.lang.String)&amp#27;[0m
]]></system-out>
    <system-err><![CDATA[[main] INFO io.cucumber.core.plugin.SerenityReporter - Running feature from file:///D:/File%20Baru/Kuliah/Quality%20Engineer/Capstone_DIskusiin/Diskusi.in-QA/sample-mobile-automation/src/test/resources/features/DiscussIn/a_Regist.feature
[main] WARN io.cucumber.core.plugin.SerenityReporter - Feature from file:///D:/File%20Baru/Kuliah/Quality%20Engineer/Capstone_DIskusiin/Diskusi.in-QA/sample-mobile-automation/src/test/resources/features/DiscussIn/a_Regist.feature is not under the 'features' directory. Requirements report will not be correctly generated!
Dec 17, 2022 8:48:29 PM io.appium.java_client.remote.AppiumCommandExecutor$1 lambda$0
INFO: Detected dialect: W3C
]]></system-err>
  </testcase>
  <testcase name="Regist with username, email, and password #26" classname="Register Account" time="33.719">
    <system-out><![CDATA[
Scenario Outline: Regist with username, email, and password              &amp#27;[90m# src/test/resources/features/DiscussIn/a_Regist.feature:38&amp#27;[0m
  &amp#27;[32mGiven &amp#27;[0m&amp#27;[32mI am on the register page&amp#27;[0m                                        &amp#27;[90m# com.example.steps.RegistStep.iAmOnTheRegisterPage()&amp#27;[0m
  &amp#27;[32mWhen &amp#27;[0m&amp#27;[32mI input &amp#27;[0m&amp#27;[32m&amp#27;[1m"random"&amp#27;[0m&amp#27;[32m nama lengkap &amp#27;[0m&amp#27;[32m&amp#27;[1m"valid"&amp#27;[0m&amp#27;[32m email and &amp#27;[0m&amp#27;[32m&amp#27;[1m"random"&amp#27;[0m&amp#27;[32m password&amp#27;[0m &amp#27;[90m# com.example.steps.RegistStep.iInputNamaLengkapAndPassword(java.lang.String,java.lang.String,java.lang.String)&amp#27;[0m
  &amp#27;[32mAnd &amp#27;[0m&amp#27;[32mI click register button&amp#27;[0m                                            &amp#27;[90m# com.example.steps.RegistStep.iClickRegisterButton()&amp#27;[0m
  &amp#27;[32mThen &amp#27;[0m&amp#27;[32mI will get the &amp#27;[0m&amp#27;[32m&amp#27;[1m"failed regist"&amp#27;[0m                                    &amp#27;[90m# com.example.steps.RegistStep.iWillGetThe(java.lang.String)&amp#27;[0m
]]></system-out>
    <system-err><![CDATA[[main] INFO io.cucumber.core.plugin.SerenityReporter - Running feature from file:///D:/File%20Baru/Kuliah/Quality%20Engineer/Capstone_DIskusiin/Diskusi.in-QA/sample-mobile-automation/src/test/resources/features/DiscussIn/a_Regist.feature
[main] WARN io.cucumber.core.plugin.SerenityReporter - Feature from file:///D:/File%20Baru/Kuliah/Quality%20Engineer/Capstone_DIskusiin/Diskusi.in-QA/sample-mobile-automation/src/test/resources/features/DiscussIn/a_Regist.feature is not under the 'features' directory. Requirements report will not be correctly generated!
Dec 17, 2022 8:49:01 PM io.appium.java_client.remote.AppiumCommandExecutor$1 lambda$0
INFO: Detected dialect: W3C
]]></system-err>
  </testcase>
  <testcase name="Regist with username, email, and password #27" classname="Register Account" time="32.523">
    <system-out><![CDATA[
Scenario Outline: Regist with username, email, and password              &amp#27;[90m# src/test/resources/features/DiscussIn/a_Regist.feature:39&amp#27;[0m
  &amp#27;[32mGiven &amp#27;[0m&amp#27;[32mI am on the register page&amp#27;[0m                                        &amp#27;[90m# com.example.steps.RegistStep.iAmOnTheRegisterPage()&amp#27;[0m
  &amp#27;[32mWhen &amp#27;[0m&amp#27;[32mI input &amp#27;[0m&amp#27;[32m&amp#27;[1m"random"&amp#27;[0m&amp#27;[32m nama lengkap &amp#27;[0m&amp#27;[32m&amp#27;[1m"random"&amp#27;[0m&amp#27;[32m email and &amp#27;[0m&amp#27;[32m&amp#27;[1m"valid"&amp#27;[0m&amp#27;[32m password&amp#27;[0m &amp#27;[90m# com.example.steps.RegistStep.iInputNamaLengkapAndPassword(java.lang.String,java.lang.String,java.lang.String)&amp#27;[0m
  &amp#27;[32mAnd &amp#27;[0m&amp#27;[32mI click register button&amp#27;[0m                                            &amp#27;[90m# com.example.steps.RegistStep.iClickRegisterButton()&amp#27;[0m
  &amp#27;[32mThen &amp#27;[0m&amp#27;[32mI will get the &amp#27;[0m&amp#27;[32m&amp#27;[1m"success"&amp#27;[0m                                          &amp#27;[90m# com.example.steps.RegistStep.iWillGetThe(java.lang.String)&amp#27;[0m
]]></system-out>
    <system-err><![CDATA[[main] INFO io.cucumber.core.plugin.SerenityReporter - Running feature from file:///D:/File%20Baru/Kuliah/Quality%20Engineer/Capstone_DIskusiin/Diskusi.in-QA/sample-mobile-automation/src/test/resources/features/DiscussIn/a_Regist.feature
[main] WARN io.cucumber.core.plugin.SerenityReporter - Feature from file:///D:/File%20Baru/Kuliah/Quality%20Engineer/Capstone_DIskusiin/Diskusi.in-QA/sample-mobile-automation/src/test/resources/features/DiscussIn/a_Regist.feature is not under the 'features' directory. Requirements report will not be correctly generated!
Dec 17, 2022 8:49:35 PM io.appium.java_client.remote.AppiumCommandExecutor$1 lambda$0
INFO: Detected dialect: W3C
]]></system-err>
  </testcase>
  <testcase name="Login with email and Password #1" classname="Login Account" time="34.681">
    <system-out><![CDATA[
Scenario Outline: Login with email and Password &amp#27;[90m# src/test/resources/features/DiscussIn/b_Login.feature:13&amp#27;[0m
  &amp#27;[32mGiven &amp#27;[0m&amp#27;[32mI am on the login page&amp#27;[0m                  &amp#27;[90m# com.example.steps.LoginStep.iAmOnTheLoginPage()&amp#27;[0m
  &amp#27;[32mWhen &amp#27;[0m&amp#27;[32mI input &amp#27;[0m&amp#27;[32m&amp#27;[1m"valid"&amp#27;[0m&amp#27;[32m email &amp#27;[0m&amp#27;[32m&amp#27;[1m"valid"&amp#27;[0m&amp#27;[32m password&amp#27;[0m   &amp#27;[90m# com.example.steps.LoginStep.iInputEmailPassword(java.lang.String,java.lang.String)&amp#27;[0m
  &amp#27;[32mAnd &amp#27;[0m&amp#27;[32mI click Login button&amp#27;[0m                      &amp#27;[90m# com.example.steps.LoginStep.iClickLoginButton()&amp#27;[0m
  &amp#27;[32mThen &amp#27;[0m&amp#27;[32mI will get the &amp#27;[0m&amp#27;[32m&amp#27;[1m"success"&amp#27;[0m                 &amp#27;[90m# com.example.steps.RegistStep.iWillGetThe(java.lang.String)&amp#27;[0m
]]></system-out>
    <system-err><![CDATA[[main] INFO io.cucumber.core.plugin.SerenityReporter - Running feature from file:///D:/File%20Baru/Kuliah/Quality%20Engineer/Capstone_DIskusiin/Diskusi.in-QA/sample-mobile-automation/src/test/resources/features/DiscussIn/b_Login.feature
[main] WARN io.cucumber.core.plugin.SerenityReporter - Feature from file:///D:/File%20Baru/Kuliah/Quality%20Engineer/Capstone_DIskusiin/Diskusi.in-QA/sample-mobile-automation/src/test/resources/features/DiscussIn/b_Login.feature is not under the 'features' directory. Requirements report will not be correctly generated!
[main] INFO  - 
 _____ _____ ____ _____   ____ _____  _    ____ _____ _____ ____  
|_   _| ____/ ___|_   _| / ___|_   _|/ \  |  _ \_   _| ____|  _ \ 
  | | |  _| \___ \ | |   \___ \ | | / _ \ | |_) || | |  _| | | | |
  | | | |___ ___) || |    ___) || |/ ___ \|  _ < | | | |___| |_| |
  |_| |_____|____/ |_|   |____/ |_/_/   \_\_| \_\|_| |_____|____/ 

Login with email and Password(login-account;login-with-email-and-password)
-------------------------------------------------------------------
Dec 17, 2022 8:50:08 PM io.appium.java_client.remote.AppiumCommandExecutor$1 lambda$0
INFO: Detected dialect: W3C
[main] INFO  - 
        __    _____ _____ ____ _____   ____   _    ____  ____  _____ ____  
  _     \ \  |_   _| ____/ ___|_   _| |  _ \ / \  / ___|/ ___|| ____|  _ \ 
 (_)_____| |   | | |  _| \___ \ | |   | |_) / _ \ \___ \\___ \|  _| | | | |
  _|_____| |   | | | |___ ___) || |   |  __/ ___ \ ___) |___) | |___| |_| |
 (_)     | |   |_| |_____|____/ |_|   |_| /_/   \_\____/|____/|_____|____/ 
        /_/                                                                

Login with email and Password
----------------------------------------------------------------------------
]]></system-err>
  </testcase>
  <testcase name="Login with email and Password #2" classname="Login Account" time="35.258">
    <system-out><![CDATA[
Scenario Outline: Login with email and Password &amp#27;[90m# src/test/resources/features/DiscussIn/b_Login.feature:14&amp#27;[0m
  &amp#27;[32mGiven &amp#27;[0m&amp#27;[32mI am on the login page&amp#27;[0m                  &amp#27;[90m# com.example.steps.LoginStep.iAmOnTheLoginPage()&amp#27;[0m
  &amp#27;[32mWhen &amp#27;[0m&amp#27;[32mI input &amp#27;[0m&amp#27;[32m&amp#27;[1m"random"&amp#27;[0m&amp#27;[32m email &amp#27;[0m&amp#27;[32m&amp#27;[1m"valid"&amp#27;[0m&amp#27;[32m password&amp#27;[0m  &amp#27;[90m# com.example.steps.LoginStep.iInputEmailPassword(java.lang.String,java.lang.String)&amp#27;[0m
  &amp#27;[32mAnd &amp#27;[0m&amp#27;[32mI click Login button&amp#27;[0m                      &amp#27;[90m# com.example.steps.LoginStep.iClickLoginButton()&amp#27;[0m
  &amp#27;[32mThen &amp#27;[0m&amp#27;[32mI will get the &amp#27;[0m&amp#27;[32m&amp#27;[1m"failed message"&amp#27;[0m          &amp#27;[90m# com.example.steps.RegistStep.iWillGetThe(java.lang.String)&amp#27;[0m
]]></system-out>
    <system-err><![CDATA[[main] INFO io.cucumber.core.plugin.SerenityReporter - Running feature from file:///D:/File%20Baru/Kuliah/Quality%20Engineer/Capstone_DIskusiin/Diskusi.in-QA/sample-mobile-automation/src/test/resources/features/DiscussIn/b_Login.feature
[main] WARN io.cucumber.core.plugin.SerenityReporter - Feature from file:///D:/File%20Baru/Kuliah/Quality%20Engineer/Capstone_DIskusiin/Diskusi.in-QA/sample-mobile-automation/src/test/resources/features/DiscussIn/b_Login.feature is not under the 'features' directory. Requirements report will not be correctly generated!
Dec 17, 2022 8:50:42 PM io.appium.java_client.remote.AppiumCommandExecutor$1 lambda$0
INFO: Detected dialect: W3C
[main] INFO  - 
        __    _____ _____ ____ _____   ____   _    ____  ____  _____ ____  
  _     \ \  |_   _| ____/ ___|_   _| |  _ \ / \  / ___|/ ___|| ____|  _ \ 
 (_)_____| |   | | |  _| \___ \ | |   | |_) / _ \ \___ \\___ \|  _| | | | |
  _|_____| |   | | | |___ ___) || |   |  __/ ___ \ ___) |___) | |___| |_| |
 (_)     | |   |_| |_____|____/ |_|   |_| /_/   \_\____/|____/|_____|____/ 
        /_/                                                                

Login with email and Password
----------------------------------------------------------------------------
]]></system-err>
  </testcase>
  <testcase name="Login with email and Password #3" classname="Login Account" time="34.773">
    <system-out><![CDATA[
Scenario Outline: Login with email and Password &amp#27;[90m# src/test/resources/features/DiscussIn/b_Login.feature:15&amp#27;[0m
  &amp#27;[32mGiven &amp#27;[0m&amp#27;[32mI am on the login page&amp#27;[0m                  &amp#27;[90m# com.example.steps.LoginStep.iAmOnTheLoginPage()&amp#27;[0m
  &amp#27;[32mWhen &amp#27;[0m&amp#27;[32mI input &amp#27;[0m&amp#27;[32m&amp#27;[1m"valid"&amp#27;[0m&amp#27;[32m email &amp#27;[0m&amp#27;[32m&amp#27;[1m"random"&amp#27;[0m&amp#27;[32m password&amp#27;[0m  &amp#27;[90m# com.example.steps.LoginStep.iInputEmailPassword(java.lang.String,java.lang.String)&amp#27;[0m
  &amp#27;[32mAnd &amp#27;[0m&amp#27;[32mI click Login button&amp#27;[0m                      &amp#27;[90m# com.example.steps.LoginStep.iClickLoginButton()&amp#27;[0m
  &amp#27;[32mThen &amp#27;[0m&amp#27;[32mI will get the &amp#27;[0m&amp#27;[32m&amp#27;[1m"failed message"&amp#27;[0m          &amp#27;[90m# com.example.steps.RegistStep.iWillGetThe(java.lang.String)&amp#27;[0m
]]></system-out>
    <system-err><![CDATA[[main] INFO io.cucumber.core.plugin.SerenityReporter - Running feature from file:///D:/File%20Baru/Kuliah/Quality%20Engineer/Capstone_DIskusiin/Diskusi.in-QA/sample-mobile-automation/src/test/resources/features/DiscussIn/b_Login.feature
[main] WARN io.cucumber.core.plugin.SerenityReporter - Feature from file:///D:/File%20Baru/Kuliah/Quality%20Engineer/Capstone_DIskusiin/Diskusi.in-QA/sample-mobile-automation/src/test/resources/features/DiscussIn/b_Login.feature is not under the 'features' directory. Requirements report will not be correctly generated!
Dec 17, 2022 8:51:17 PM io.appium.java_client.remote.AppiumCommandExecutor$1 lambda$0
INFO: Detected dialect: W3C
]]></system-err>
  </testcase>
  <testcase name="Login with email and Password #4" classname="Login Account" time="35.817">
    <system-out><![CDATA[
Scenario Outline: Login with email and Password &amp#27;[90m# src/test/resources/features/DiscussIn/b_Login.feature:16&amp#27;[0m
  &amp#27;[32mGiven &amp#27;[0m&amp#27;[32mI am on the login page&amp#27;[0m                  &amp#27;[90m# com.example.steps.LoginStep.iAmOnTheLoginPage()&amp#27;[0m
  &amp#27;[32mWhen &amp#27;[0m&amp#27;[32mI input &amp#27;[0m&amp#27;[32m&amp#27;[1m"random"&amp#27;[0m&amp#27;[32m email &amp#27;[0m&amp#27;[32m&amp#27;[1m"random"&amp#27;[0m&amp#27;[32m password&amp#27;[0m &amp#27;[90m# com.example.steps.LoginStep.iInputEmailPassword(java.lang.String,java.lang.String)&amp#27;[0m
  &amp#27;[32mAnd &amp#27;[0m&amp#27;[32mI click Login button&amp#27;[0m                      &amp#27;[90m# com.example.steps.LoginStep.iClickLoginButton()&amp#27;[0m
  &amp#27;[32mThen &amp#27;[0m&amp#27;[32mI will get the &amp#27;[0m&amp#27;[32m&amp#27;[1m"failed message"&amp#27;[0m          &amp#27;[90m# com.example.steps.RegistStep.iWillGetThe(java.lang.String)&amp#27;[0m
]]></system-out>
    <system-err><![CDATA[[main] INFO io.cucumber.core.plugin.SerenityReporter - Running feature from file:///D:/File%20Baru/Kuliah/Quality%20Engineer/Capstone_DIskusiin/Diskusi.in-QA/sample-mobile-automation/src/test/resources/features/DiscussIn/b_Login.feature
[main] WARN io.cucumber.core.plugin.SerenityReporter - Feature from file:///D:/File%20Baru/Kuliah/Quality%20Engineer/Capstone_DIskusiin/Diskusi.in-QA/sample-mobile-automation/src/test/resources/features/DiscussIn/b_Login.feature is not under the 'features' directory. Requirements report will not be correctly generated!
Dec 17, 2022 8:51:53 PM io.appium.java_client.remote.AppiumCommandExecutor$1 lambda$0
INFO: Detected dialect: W3C
]]></system-err>
  </testcase>
  <testcase name="Login with email and Password #5" classname="Login Account" time="34.339">
    <system-out><![CDATA[
Scenario Outline: Login with email and Password &amp#27;[90m# src/test/resources/features/DiscussIn/b_Login.feature:17&amp#27;[0m
  &amp#27;[32mGiven &amp#27;[0m&amp#27;[32mI am on the login page&amp#27;[0m                  &amp#27;[90m# com.example.steps.LoginStep.iAmOnTheLoginPage()&amp#27;[0m
  &amp#27;[32mWhen &amp#27;[0m&amp#27;[32mI input &amp#27;[0m&amp#27;[32m&amp#27;[1m"null"&amp#27;[0m&amp#27;[32m email &amp#27;[0m&amp#27;[32m&amp#27;[1m"null"&amp#27;[0m&amp#27;[32m password&amp#27;[0m     &amp#27;[90m# com.example.steps.LoginStep.iInputEmailPassword(java.lang.String,java.lang.String)&amp#27;[0m
  &amp#27;[32mAnd &amp#27;[0m&amp#27;[32mI click Login button&amp#27;[0m                      &amp#27;[90m# com.example.steps.LoginStep.iClickLoginButton()&amp#27;[0m
  &amp#27;[32mThen &amp#27;[0m&amp#27;[32mI will get the &amp#27;[0m&amp#27;[32m&amp#27;[1m"failed message"&amp#27;[0m          &amp#27;[90m# com.example.steps.RegistStep.iWillGetThe(java.lang.String)&amp#27;[0m
]]></system-out>
    <system-err><![CDATA[[main] INFO io.cucumber.core.plugin.SerenityReporter - Running feature from file:///D:/File%20Baru/Kuliah/Quality%20Engineer/Capstone_DIskusiin/Diskusi.in-QA/sample-mobile-automation/src/test/resources/features/DiscussIn/b_Login.feature
[main] WARN io.cucumber.core.plugin.SerenityReporter - Feature from file:///D:/File%20Baru/Kuliah/Quality%20Engineer/Capstone_DIskusiin/Diskusi.in-QA/sample-mobile-automation/src/test/resources/features/DiscussIn/b_Login.feature is not under the 'features' directory. Requirements report will not be correctly generated!
Dec 17, 2022 8:52:29 PM io.appium.java_client.remote.AppiumCommandExecutor$1 lambda$0
INFO: Detected dialect: W3C
]]></system-err>
  </testcase>
  <testcase name="Login with email and Password #6" classname="Login Account" time="36.021">
    <system-out><![CDATA[
Scenario Outline: Login with email and Password &amp#27;[90m# src/test/resources/features/DiscussIn/b_Login.feature:18&amp#27;[0m
  &amp#27;[32mGiven &amp#27;[0m&amp#27;[32mI am on the login page&amp#27;[0m                  &amp#27;[90m# com.example.steps.LoginStep.iAmOnTheLoginPage()&amp#27;[0m
  &amp#27;[32mWhen &amp#27;[0m&amp#27;[32mI input &amp#27;[0m&amp#27;[32m&amp#27;[1m"random"&amp#27;[0m&amp#27;[32m email &amp#27;[0m&amp#27;[32m&amp#27;[1m"null"&amp#27;[0m&amp#27;[32m password&amp#27;[0m   &amp#27;[90m# com.example.steps.LoginStep.iInputEmailPassword(java.lang.String,java.lang.String)&amp#27;[0m
  &amp#27;[32mAnd &amp#27;[0m&amp#27;[32mI click Login button&amp#27;[0m                      &amp#27;[90m# com.example.steps.LoginStep.iClickLoginButton()&amp#27;[0m
  &amp#27;[32mThen &amp#27;[0m&amp#27;[32mI will get the &amp#27;[0m&amp#27;[32m&amp#27;[1m"failed message"&amp#27;[0m          &amp#27;[90m# com.example.steps.RegistStep.iWillGetThe(java.lang.String)&amp#27;[0m
]]></system-out>
    <system-err><![CDATA[[main] INFO io.cucumber.core.plugin.SerenityReporter - Running feature from file:///D:/File%20Baru/Kuliah/Quality%20Engineer/Capstone_DIskusiin/Diskusi.in-QA/sample-mobile-automation/src/test/resources/features/DiscussIn/b_Login.feature
[main] WARN io.cucumber.core.plugin.SerenityReporter - Feature from file:///D:/File%20Baru/Kuliah/Quality%20Engineer/Capstone_DIskusiin/Diskusi.in-QA/sample-mobile-automation/src/test/resources/features/DiscussIn/b_Login.feature is not under the 'features' directory. Requirements report will not be correctly generated!
Dec 17, 2022 8:53:03 PM io.appium.java_client.remote.AppiumCommandExecutor$1 lambda$0
INFO: Detected dialect: W3C
]]></system-err>
  </testcase>
  <testcase name="Login with email and Password #7" classname="Login Account" time="34.681">
    <system-out><![CDATA[
Scenario Outline: Login with email and Password &amp#27;[90m# src/test/resources/features/DiscussIn/b_Login.feature:19&amp#27;[0m
  &amp#27;[32mGiven &amp#27;[0m&amp#27;[32mI am on the login page&amp#27;[0m                  &amp#27;[90m# com.example.steps.LoginStep.iAmOnTheLoginPage()&amp#27;[0m
  &amp#27;[32mWhen &amp#27;[0m&amp#27;[32mI input &amp#27;[0m&amp#27;[32m&amp#27;[1m"null"&amp#27;[0m&amp#27;[32m email &amp#27;[0m&amp#27;[32m&amp#27;[1m"random"&amp#27;[0m&amp#27;[32m password&amp#27;[0m   &amp#27;[90m# com.example.steps.LoginStep.iInputEmailPassword(java.lang.String,java.lang.String)&amp#27;[0m
  &amp#27;[32mAnd &amp#27;[0m&amp#27;[32mI click Login button&amp#27;[0m                      &amp#27;[90m# com.example.steps.LoginStep.iClickLoginButton()&amp#27;[0m
  &amp#27;[32mThen &amp#27;[0m&amp#27;[32mI will get the &amp#27;[0m&amp#27;[32m&amp#27;[1m"failed message"&amp#27;[0m          &amp#27;[90m# com.example.steps.RegistStep.iWillGetThe(java.lang.String)&amp#27;[0m
]]></system-out>
    <system-err><![CDATA[[main] INFO io.cucumber.core.plugin.SerenityReporter - Running feature from file:///D:/File%20Baru/Kuliah/Quality%20Engineer/Capstone_DIskusiin/Diskusi.in-QA/sample-mobile-automation/src/test/resources/features/DiscussIn/b_Login.feature
[main] WARN io.cucumber.core.plugin.SerenityReporter - Feature from file:///D:/File%20Baru/Kuliah/Quality%20Engineer/Capstone_DIskusiin/Diskusi.in-QA/sample-mobile-automation/src/test/resources/features/DiscussIn/b_Login.feature is not under the 'features' directory. Requirements report will not be correctly generated!
Dec 17, 2022 8:53:39 PM io.appium.java_client.remote.AppiumCommandExecutor$1 lambda$0
INFO: Detected dialect: W3C
]]></system-err>
  </testcase>
  <testcase name="Login with email and Password #8" classname="Login Account" time="34.836">
    <system-out><![CDATA[
Scenario Outline: Login with email and Password &amp#27;[90m# src/test/resources/features/DiscussIn/b_Login.feature:20&amp#27;[0m
  &amp#27;[32mGiven &amp#27;[0m&amp#27;[32mI am on the login page&amp#27;[0m                  &amp#27;[90m# com.example.steps.LoginStep.iAmOnTheLoginPage()&amp#27;[0m
  &amp#27;[32mWhen &amp#27;[0m&amp#27;[32mI input &amp#27;[0m&amp#27;[32m&amp#27;[1m"valid"&amp#27;[0m&amp#27;[32m email &amp#27;[0m&amp#27;[32m&amp#27;[1m"null"&amp#27;[0m&amp#27;[32m password&amp#27;[0m    &amp#27;[90m# com.example.steps.LoginStep.iInputEmailPassword(java.lang.String,java.lang.String)&amp#27;[0m
  &amp#27;[32mAnd &amp#27;[0m&amp#27;[32mI click Login button&amp#27;[0m                      &amp#27;[90m# com.example.steps.LoginStep.iClickLoginButton()&amp#27;[0m
  &amp#27;[32mThen &amp#27;[0m&amp#27;[32mI will get the &amp#27;[0m&amp#27;[32m&amp#27;[1m"failed message"&amp#27;[0m          &amp#27;[90m# com.example.steps.RegistStep.iWillGetThe(java.lang.String)&amp#27;[0m
]]></system-out>
    <system-err><![CDATA[[main] INFO io.cucumber.core.plugin.SerenityReporter - Running feature from file:///D:/File%20Baru/Kuliah/Quality%20Engineer/Capstone_DIskusiin/Diskusi.in-QA/sample-mobile-automation/src/test/resources/features/DiscussIn/b_Login.feature
[main] WARN io.cucumber.core.plugin.SerenityReporter - Feature from file:///D:/File%20Baru/Kuliah/Quality%20Engineer/Capstone_DIskusiin/Diskusi.in-QA/sample-mobile-automation/src/test/resources/features/DiscussIn/b_Login.feature is not under the 'features' directory. Requirements report will not be correctly generated!
Dec 17, 2022 8:54:14 PM io.appium.java_client.remote.AppiumCommandExecutor$1 lambda$0
INFO: Detected dialect: W3C
]]></system-err>
  </testcase>
  <testcase name="Login with email and Password #9" classname="Login Account" time="36.827">
    <system-out><![CDATA[
Scenario Outline: Login with email and Password &amp#27;[90m# src/test/resources/features/DiscussIn/b_Login.feature:21&amp#27;[0m
  &amp#27;[32mGiven &amp#27;[0m&amp#27;[32mI am on the login page&amp#27;[0m                  &amp#27;[90m# com.example.steps.LoginStep.iAmOnTheLoginPage()&amp#27;[0m
  &amp#27;[32mWhen &amp#27;[0m&amp#27;[32mI input &amp#27;[0m&amp#27;[32m&amp#27;[1m"null"&amp#27;[0m&amp#27;[32m email &amp#27;[0m&amp#27;[32m&amp#27;[1m"valid"&amp#27;[0m&amp#27;[32m password&amp#27;[0m    &amp#27;[90m# com.example.steps.LoginStep.iInputEmailPassword(java.lang.String,java.lang.String)&amp#27;[0m
  &amp#27;[32mAnd &amp#27;[0m&amp#27;[32mI click Login button&amp#27;[0m                      &amp#27;[90m# com.example.steps.LoginStep.iClickLoginButton()&amp#27;[0m
  &amp#27;[32mThen &amp#27;[0m&amp#27;[32mI will get the &amp#27;[0m&amp#27;[32m&amp#27;[1m"failed message"&amp#27;[0m          &amp#27;[90m# com.example.steps.RegistStep.iWillGetThe(java.lang.String)&amp#27;[0m
]]></system-out>
    <system-err><![CDATA[[main] INFO io.cucumber.core.plugin.SerenityReporter - Running feature from file:///D:/File%20Baru/Kuliah/Quality%20Engineer/Capstone_DIskusiin/Diskusi.in-QA/sample-mobile-automation/src/test/resources/features/DiscussIn/b_Login.feature
[...]
]]></system-out>
    <system-err><![CDATA[[main] INFO io.cucumber.core.plugin.SerenityReporter - Running feature from file:///D:/File%20Baru/Kuliah/Quality%20Engineer/Capstone_DIskusiin/Diskusi.in-QA/sample-mobile-automation/src/test/resources/features/DiscussIn/c_CreateThread.feature
[main] WARN io.cucumber.core.plugin.SerenityReporter - Feature from file:///D:/File%20Baru/Kuliah/Quality%20Engineer/Capstone_DIskusiin/Diskusi.in-QA/sample-mobile-automation/src/test/resources/features/DiscussIn/c_CreateThread.feature is not under the 'features' directory. Requirements report will not be correctly generated!
[main] INFO  - 
 _____ _____ ____ _____   ____ _____  _    ____ _____ _____ ____  
|_   _| ____/ ___|_   _| / ___|_   _|/ \  |  _ \_   _| ____|  _ \ 
  | | |  _| \___ \ | |   \___ \ | | / _ \ | |_) || | |  _| | | | |
  | | | |___ ___) || |    ___) || |/ ___ \|  _ < | | | |___| |_| |
  |_| |_____|____/ |_|   |____/ |_/_/   \_\_| \_\|_| |_____|____/ 

Create Thread with Title, content, and photo (with null)(create-thread;create-thread-with-title--content--and-photo-(with-null))
-------------------------------------------------------------------
Dec 17, 2022 9:06:16 PM io.appium.java_client.remote.AppiumCommandExecutor$1 lambda$0
INFO: Detected dialect: W3C
[main] INFO  - 
        __    _____ _____ ____ _____   ____   _    ____  ____  _____ ____  
  _     \ \  |_   _| ____/ ___|_   _| |  _ \ / \  / ___|/ ___|| ____|  _ \ 
 (_)_____| |   | | |  _| \___ \ | |   | |_) / _ \ \___ \\___ \|  _| | | | |
  _|_____| |   | | | |___ ___) || |   |  __/ ___ \ ___) |___) | |___| |_| |
 (_)     | |   |_| |_____|____/ |_|   |_| /_/   \_\____/|____/|_____|____/ 
        /_/                                                                

Create Thread with Title, content, and photo (with null)
----------------------------------------------------------------------------
]]></system-err>
  </testcase>
  <testcase name="Create Thread with Title, content, and photo (with null) #2" classname="Create Thread" time="158.732">
    <error type="org.openqa.selenium.TimeoutException"><![CDATA[org.openqa.selenium.TimeoutException: Expected condition failed: waiting for visibility of element located by By.xpath: ///android.widget.ImageView (tried for 100 second(s) with 10000 milliseconds interval)
Caused by: org.openqa.selenium.InvalidSelectorException: 
java.lang.IllegalArgumentException: Unable to compile '///android.widget.ImageView'. See Cause.
For documentation on this error, please visit: https://www.seleniumhq.org/exceptions/invalid_selector_exception.html
Build info: version: '3.141.59', revision: 'e82be7d358', time: '2018-11-14T08:17:03'
System info: host: 'DESKTOP-2F464B0', ip: '192.168.122.234', os.name: 'Windows 10', os.arch: 'amd64', os.version: '10.0', java.version: '11.0.16'
Driver info: io.appium.java_client.android.AndroidDriver
Capabilities {app: D:\File Baru\Kuliah\Quality..., appPackage: com.yashagozwan.discussin_m..., automationName: UiAutomator2, databaseEnabled: false, desired: {app: D:\File Baru\Kuliah\Quality..., automationName: UiAutomator2, platformName: android, platformVersion: 11}, deviceApiLevel: 30, deviceManufacturer: Xiaomi, deviceModel: M2010J19CG, deviceName: 94ddf1a90721, deviceScreenDensity: 440, deviceScreenSize: 1080x2340, deviceUDID: 94ddf1a90721, javascriptEnabled: true, locationContextEnabled: false, networkConnectionEnabled: true, pixelRatio: 2.75, platform: LINUX, platformName: Android, platformVersion: 11, statBarHeight: 78, takesScreenshot: true, viewportRect: {height: 2054, left: 0, top: 78, width: 1080}, warnings: {}, webStorageEnabled: false}
Session ID: 8132b916-8d8f-42f1-8ba0-bfefbbd3b5ff
*** Element info: {Using=xpath, value=///android.widget.ImageView}
]]></error>
    <system-out><![CDATA[
Scenario Outline: Create Thread with Title, content, and photo (with null) &amp#27;[90m# src/test/resources/features/DiscussIn/c_CreateThread.feature:30&amp#27;[0m
  &amp#27;[32mGiven &amp#27;[0m&amp#27;[32mI am on the home page&amp#27;[0m                                              &amp#27;[90m# com.example.steps.CreateThreadStep.iAmOnTheHomePage()&amp#27;[0m
  &amp#27;[32mAnd &amp#27;[0m&amp#27;[32mI click Create Thread button&amp#27;[0m                                         &amp#27;[90m# com.example.steps.CreateThreadStep.iClickCreateThreadButton()&amp#27;[0m
  &amp#27;[31mWhen &amp#27;[0m&amp#27;[31mI input &amp#27;[0m&amp#27;[31m&amp#27;[1m"null"&amp#27;[0m&amp#27;[31m title &amp#27;[0m&amp#27;[31m&amp#27;[1m"null"&amp#27;[0m&amp#27;[31m content and &amp#27;[0m&amp#27;[31m&amp#27;[1m"upload"&amp#27;[0m&amp#27;[31m photo&amp#27;[0m              &amp#27;[90m# com.example.steps.CreateThreadStep.iInputTitleContentAndPhoto(java.lang.String,java.lang.String,java.lang.String)&amp#27;[0m
      &amp#27;[31morg.openqa.selenium.TimeoutException: Expected condition failed: waiting for visibility of element located by By.xpath: ///android.widget.ImageView (tried for 100 second(s) with 10000 milliseconds interval)
	at org.openqa.selenium.support.ui.WebDriverWait.timeoutException(WebDriverWait.java:95)
	at org.openqa.selenium.support.ui.FluentWait.until(FluentWait.java:272)
	at sample.mobile.automation@1.0-SNAPSHOT/com.example.app.base.BasePageObject.find(BasePageObject.java:26)
	at sample.mobile.automation@1.0-SNAPSHOT/com.example.app.base.BasePageObject.click(BasePageObject.java:29)
	at sample.mobile.automation@1.0-SNAPSHOT/com.example.app.pages.CreateThread.uploadAPhoto(CreateThread.java:58)
	at sample.mobile.automation@1.0-SNAPSHOT/com.example.steps.CreateThreadStep.iInputTitleContentAndPhoto(CreateThreadStep.java:29)
	at âœ½.I input "null" title "null" content and "upload" photo(file:///D:/File%20Baru/Kuliah/Quality%20Engineer/Capstone_DIskusiin/Diskusi.in-QA/sample-mobile-automation/src/test/resources/features/DiscussIn/c_CreateThread.feature:24)
Caused by: org.openqa.selenium.InvalidSelectorException: java.lang.IllegalArgumentException: Unable to compile '///android.widget.ImageView'. See Cause.
For documentation on this error, please visit: https://www.seleniumhq.org/exceptions/invalid_selector_exception.html
Build info: version: '3.141.59', revision: 'e82be7d358', time: '2018-11-14T08:17:03'
System info: host: 'DESKTOP-2F464B0', ip: '192.168.122.234', os.name: 'Windows 10', os.arch: 'amd64', os.version: '10.0', java.version: '11.0.16'
Driver info: io.appium.java_client.android.AndroidDriver
Capabilities {app: D:\File Baru\Kuliah\Quality..., appPackage: com.yashagozwan.discussin_m..., automationName: UiAutomator2, databaseEnabled: false, desired: {app: D:\File Baru\Kuliah\Quality..., automationName: UiAutomator2, platformName: android, platformVersion: 11}, deviceApiLevel: 30, deviceManufacturer: Xiaomi, deviceModel: M2010J19CG, deviceName: 94ddf1a90721, deviceScreenDensity: 440, deviceScreenSize: 1080x2340, deviceUDID: 94ddf1a90721, javascriptEnabled: true, locationContextEnabled: false, networkConnectionEnabled: true, pixelRatio: 2.75, platform: LINUX, platformName: Android, platformVersion: 11, statBarHeight: 78, takesScreenshot: true, viewportRect: {height: 2054, left: 0, top: 78, width: 1080}, warnings: {}, webStorageEnabled: false}
Session ID: 8132b916-8d8f-42f1-8ba0-bfefbbd3b5ff
*** Element info: {Using=xpath, value=///android.widget.ImageView}
	at jdk.internal.reflect.GeneratedConstructorAccessor17.newInstance(Unknown Source)
	at java.base/jdk.internal.reflect.DelegatingConstructorAccessorImpl.newInstance(DelegatingConstructorAccessorImpl.java:45)
	at java.base/java.lang.reflect.Constructor.newInstance(Constructor.java:490)
	at org.openqa.selenium.remote.http.W3CHttpResponseCodec.createException(W3CHttpResponseCodec.java:187)
	at org.openqa.selenium.remote.http.W3CHttpResponseCodec.decode(W3CHttpResponseCodec.java:122)
	at org.openqa.selenium.remote.http.W3CHttpResponseCodec.decode(W3CHttpResponseCodec.java:49)
	at org.openqa.selenium.remote.HttpCommandExecutor.execute(HttpCommandExecutor.java:158)
	at io.appium.java_client.remote.AppiumCommandExecutor.execute(AppiumCommandExecutor.java:250)
	at org.openqa.selenium.remote.RemoteWebDriver.execute(RemoteWebDriver.java:552)
	at io.appium.java_client.DefaultGenericMobileDriver.execute(DefaultGenericMobileDriver.java:41)
	at io.appium.java_client.AppiumDriver.execute(AppiumDriver.java:1)
	at io.appium.java_client.android.AndroidDriver.execute(AndroidDriver.java:1)
	at org.openqa.selenium.remote.RemoteWebDriver.findElement(RemoteWebDriver.java:323)
	at io.appium.java_client.DefaultGenericMobileDriver.findElement(DefaultGenericMobileDriver.java:61)
	at io.appium.java_client.AppiumDriver.findElement(AppiumDriver.java:1)
	at io.appium.java_client.android.AndroidDriver.findElement(AndroidDriver.java:1)
	at org.openqa.selenium.remote.RemoteWebDriver.findElementByXPath(RemoteWebDriver.java:428)
	at io.appium.java_client.DefaultGenericMobileDriver.findElementByXPath(DefaultGenericMobileDriver.java:151)
	at io.appium.java_client.AppiumDriver.findElementByXPath(AppiumDriver.java:1)
	at io.appium.java_client.android.AndroidDriver.findElementByXPath(AndroidDriver.java:1)
	at org.openqa.selenium.By$ByXPath.findElement(By.java:353)
	at org.openqa.selenium.remote.RemoteWebDriver.findElement(RemoteWebDriver.java:315)
	at io.appium.java_client.DefaultGenericMobileDriver.findElement(DefaultGenericMobileDriver.java:57)
	at io.appium.java_client.AppiumDriver.findElement(AppiumDriver.java:1)
	at io.appium.java_client.android.AndroidDriver.findElement(AndroidDriver.java:1)
	at org.openqa.selenium.support.ui.ExpectedConditions$7.apply(ExpectedConditions.java:205)
	at org.openqa.selenium.support.ui.ExpectedConditions$7.apply(ExpectedConditions.java:201)
	at org.openqa.selenium.support.ui.FluentWait.until(FluentWait.java:249)
	at sample.mobile.automation@1.0-SNAPSHOT/com.example.app.base.BasePageObject.find(BasePageObject.java:26)
	at sample.mobile.automation@1.0-SNAPSHOT/com.example.app.base.BasePageObject.click(BasePageObject.java:29)
	at sample.mobile.automation@1.0-SNAPSHOT/com.example.app.pages.CreateThread.uploadAPhoto(CreateThread.java:58)
	at sample.mobile.automation@1.0-SNAPSHOT/com.example.steps.CreateThreadStep.iInputTitleContentAndPhoto(CreateThreadStep.java:29)
	at java.base/jdk.internal.reflect.NativeMethodAccessorImpl.invoke0(Native Method)
	at java.base/jdk.internal.reflect.NativeMethodAccessorImpl.invoke(NativeMethodAccessorImpl.java:62)
	at java.base/jdk.internal.reflect.DelegatingMethodAccessorImpl.invoke(DelegatingMethodAccessorImpl.java:43)
	at java.base/java.lang.reflect.Method.invoke(Method.java:566)
	at io.cucumber.java.Invoker.doInvoke(Invoker.java:66)
	at io.cucumber.java.Invoker.invoke(Invoker.java:24)
	at io.cucumber.java.AbstractGlueDefinition.invokeMethod(AbstractGlueDefinition.java:47)
	at io.cucumber.java.JavaStepDefinition.execute(JavaStepDefinition.java:29)
	at io.cucumber.core.runner.CoreStepDefinition.execute(CoreStepDefinition.java:66)
	at io.cucumber.core.runner.PickleStepDefinitionMatch.runStep(PickleStepDefinitionMatch.java:63)
	at io.cucumber.core.runner.TestStep.executeStep(TestStep.java:92)
	at io.cucumber.core.runner.TestStep.run(TestStep.java:63)
	at io.cucumber.core.runner.PickleStepTestStep.run(PickleStepTestStep.java:49)
	at io.cucumber.core.runner.TestCase.run(TestCase.java:99)
	at io.cucumber.core.runner.Runner.runPickle(Runner.java:71)
	at io.cucumber.junit.PickleRunners$NoStepDescriptions.run(PickleRunners.java:151)
	at io.cucumber.junit.FeatureRunner.runChild(FeatureRunner.java:135)
	at io.cucumber.junit.FeatureRunner.runChild(FeatureRunner.java:27)
	at org.junit.runners.ParentRunner$3.run(ParentRunner.java:290)
	at org.junit.runners.ParentRunner$1.schedule(ParentRunner.java:71)
	at org.junit.runners.ParentRunner.runChildren(ParentRunner.java:288)
	at org.junit.runners.ParentRunner.access$000(ParentRunner.java:58)
	at org.junit.runners.ParentRunner$2.evaluate(ParentRunner.java:268)
	at org.junit.runners.ParentRunner.run(ParentRunner.java:363)
	at io.cucumber.junit.CucumberSerenityRunner.runChild(CucumberSerenityRunner.java:234)
	at io.cucumber.junit.CucumberSerenityRunner.runChild(CucumberSerenityRunner.java:57)
	at org.junit.runners.ParentRunner$3.run(ParentRunner.java:290)
	at org.junit.runners.ParentRunner$1.schedule(ParentRunner.java:71)
	at org.junit.runners.ParentRunner.runChildren(ParentRunner.java:288)
	at org.junit.runners.ParentRunner.access$000(ParentRunner.java:58)
	at org.junit.runners.ParentRunner$2.evaluate(ParentRunner.java:268)
	at io.cucumber.junit.CucumberSerenityRunner$RunCucumber.evaluate(CucumberSerenityRunner.java:262)
	at org.junit.runners.ParentRunner.run(ParentRunner.java:363)
	at org.junit.runner.JUnitCore.run(JUnitCore.java:137)
	at org.junit.runner.JUnitCore.run(JUnitCore.java:115)
	at org.junit.vintage.engine.execution.RunnerExecutor.execute(RunnerExecutor.java:40)
	at java.base/java.util.stream.ForEachOps$ForEachOp$OfRef.accept(ForEachOps.java:183)
	at java.base/java.util.stream.ReferencePipeline$3$1.accept(ReferencePipeline.java:195)
	at java.base/java.util.Iterator.forEachRemaining(Iterator.java:133)
	at java.base/java.util.Spliterators$IteratorSpliterator.forEachRemaining(Spliterators.java:1801)
	at java.base/java.util.stream.AbstractPipeline.copyInto(AbstractPipeline.java:484)
	at java.base/java.util.stream.AbstractPipeline.wrapAndCopyInto(AbstractPipeline.java:474)
	at java.base/java.util.stream.ForEachOps$ForEachOp.evaluateSequential(ForEachOps.java:150)
	at java.base/java.util.stream.ForEachOps$ForEachOp$OfRef.evaluateSequential(ForEachOps.java:173)
	at java.base/java.util.stream.AbstractPipeline.evaluate(AbstractPipeline.java:234)
	at java.base/java.util.stream.ReferencePipeline.forEach(ReferencePipeline.java:497)
	at org.junit.vintage.engine.VintageTestEngine.executeAllChildren(VintageTestEngine.java:80)
	at org.junit.vintage.engine.VintageTestEngine.execute(VintageTestEngine.java:71)
	at org.junit.platform.launcher.core.DefaultLauncher.execute(DefaultLauncher.java:229)
	at org.junit.platform.launcher.core.DefaultLauncher.lambda$execute$6(DefaultLauncher.java:197)
	at org.junit.platform.launcher.core.DefaultLauncher.withInterceptedStreams(DefaultLauncher.java:211)
	at org.junit.platform.launcher.core.DefaultLauncher.execute(DefaultLauncher.java:191)
	at org.junit.platform.launcher.core.DefaultLauncher.execute(DefaultLauncher.java:128)
	at org.apache.maven.surefire.junitplatform.JUnitPlatformProvider.execute(JUnitPlatformProvider.java:188)
	at org.apache.maven.surefire.junitplatform.JUnitPlatformProvider.invokeAllTests(JUnitPlatformProvider.java:154)
	at org.apache.maven.surefire.junitplatform.JUnitPlatformProvider.invoke(JUnitPlatformProvider.java:128)
	at org.apache.maven.surefire.booter.ForkedBooter.runSuitesInProcess(ForkedBooter.java:428)
	at org.apache.maven.surefire.booter.ForkedBooter.execute(ForkedBooter.java:162)
	at org.apache.maven.surefire.booter.ForkedBooter.run(ForkedBooter.java:562)
	at org.apache.maven.surefire.booter.ForkedBooter.main(ForkedBooter.java:548)
&amp#27;[0m
  &amp#27;[36mAnd &amp#27;[0m&amp#27;[36mI click discuss.In button&amp#27;[0m                                            &amp#27;[90m# com.example.steps.CreateThreadStep.iClickDiscussInButton()&amp#27;[0m
  &amp#27;[36mThen &amp#27;[0m&amp#27;[36mI will get the &amp#27;[0m&amp#27;[36m&amp#27;[1m"doesnt work"&amp#27;[0m&amp#27;[36m post&amp#27;[0m                                   &amp#27;[90m# com.example.steps.CreateThreadStep.iWillGetThePost(java.lang.String)&amp#27;[0m
]]></system-out>
    <system-err><![CDATA[[main] INFO io.cucumber.core.plugin.SerenityReporter - Running feature from file:///D:/File%20Baru/Kuliah/Quality%20Engineer/Capstone_DIskusiin/Diskusi.in-QA/sample-mobile-automation/src/test/resources/features/DiscussIn/c_CreateThread.feature
[main] WARN io.cucumber.core.plugin.SerenityReporter - Feature from file:///D:/File%20Baru/Kuliah/Quality%20Engineer/Capstone_DIskusiin/Diskusi.in-QA/sample-mobile-automation/src/test/resources/features/DiscussIn/c_CreateThread.feature is not under the 'features' directory. Requirements report will not be correctly generated!
Dec 17, 2022 9:07:14 PM io.appium.java_client.remote.AppiumCommandExecutor$1 lambda$0
INFO: Detected dialect: W3C
[main] ERROR  - 
         __  _____ _____ ____ _____   _____ ____  ____   ___  ____  
 _      / / |_   _| ____/ ___|_   _| | ____|  _ \|  _ \ / _ \|  _ \ 
(_)____| |    | | |  _| \___ \ | |   |  _| | |_) | |_) | | | | |_) |
 |_____| |    | | | |___ ___) || |   | |___|  _ <|  _ <| |_| |  _ < 
(_)    | |    |_| |_____|____/ |_|   |_____|_| \_\_| \_\\___/|_| \_\
        \_\                                                         

Create Thread with Title, content, and photo (with null)
---------------------------------------------------------------------
[main] ERROR  -     Test failed at step: When I input "null" title "null" content and "upload" photo
[main] ERROR  -     java.lang.IllegalArgumentException: Unable to compile '///android.widget.ImageView'. See Cause.
]]></system-err>
  </testcase>
  <testcase name="Logout with valid email and Password" classname="Logout Account" time="52.232">
    <system-out><![CDATA[
Scenario: Logout with valid email and Password &amp#27;[90m# src/test/resources/features/DiscussIn/d_Logout.feature:6&amp#27;[0m
  &amp#27;[32mGiven &amp#27;[0m&amp#27;[32mI am on the home page&amp#27;[0m                  &amp#27;[90m# com.example.steps.CreateThreadStep.iAmOnTheHomePage()&amp#27;[0m
  &amp#27;[32mWhen &amp#27;[0m&amp#27;[32mI click Profile button&amp#27;[0m                  &amp#27;[90m# com.example.steps.LogoutStep.iClickProfileButton()&amp#27;[0m
  &amp#27;[32mAnd &amp#27;[0m&amp#27;[32mI click Setting button&amp#27;[0m                   &amp#27;[90m# com.example.steps.LogoutStep.iClickSettingButton()&amp#27;[0m
  &amp#27;[32mThen &amp#27;[0m&amp#27;[32mI click logout icon&amp#27;[0m                     &amp#27;[90m# com.example.steps.LogoutStep.iClickLogoutIcon()&amp#27;[0m
  &amp#27;[32mAnd &amp#27;[0m&amp#27;[32mI will go to login page&amp#27;[0m                  &amp#27;[90m# com.example.steps.LogoutStep.iWillGoToLoginPage()&amp#27;[0m
]]></system-out>
    <system-err><![CDATA[[main] INFO io.cucumber.core.plugin.SerenityReporter - Running feature from file:///D:/File%20Baru/Kuliah/Quality%20Engineer/Capstone_DIskusiin/Diskusi.in-QA/sample-mobile-automation/src/test/resources/features/DiscussIn/d_Logout.feature
[main] WARN io.cucumber.core.plugin.SerenityReporter - Feature from file:///D:/File%20Baru/Kuliah/Quality%20Engineer/Capstone_DIskusiin/Diskusi.in-QA/sample-mobile-automation/src/test/resources/features/DiscussIn/d_Logout.feature is not under the 'features' directory. Requirements report will not be correctly generated!
[main] INFO  - 
 _____ _____ ____ _____   ____ _____  _    ____ _____ _____ ____  
|_   _| ____/ ___|_   _| / ___|_   _|/ \  |  _ \_   _| ____|  _ \ 
  | | |  _| \___ \ | |   \___ \ | | / _ \ | |_) || | |  _| | | | |
  | | | |___ ___) || |    ___) || |/ ___ \|  _ < | | | |___| |_| |
  |_| |_____|____/ |_|   |____/ |_/_/   \_\_| \_\|_| |_____|____/ 

Logout with valid email and Password(logout-account;logout-with-valid-email-and-password)
-------------------------------------------------------------------
Dec 17, 2022 9:09:56 PM io.appium.java_client.remote.AppiumCommandExecutor$1 lambda$0
INFO: Detected dialect: W3C
[main] INFO  - 
        __    _____ _____ ____ _____   ____   _    ____  ____  _____ ____  
  _     \ \  |_   _| ____/ ___|_   _| |  _ \ / \  / ___|/ ___|| ____|  _ \ 
 (_)_____| |   | | |  _| \___ \ | |   | |_) / _ \ \___ \\___ \|  _| | | | |
  _|_____| |   | | | |___ ___) || |   |  __/ ___ \ ___) |___) | |___| |_| |
 (_)     | |   |_| |_____|____/ |_|   |_| /_/   \_\____/|____/|_____|____/ 
        /_/                                                                

Logout with valid email and Password
----------------------------------------------------------------------------
]]></system-err>
  </testcase>
</testsuite>